Started protein evolution parameter extraction script
Found ModelTest-NG: _      _ _            _      _   _  _____ 
                            | |    | | |          | |    | \ | |/ ____|
         _ __ ___   ___   __| | ___| | |_ ___  ___| |_   |  \| | |  __ 
        | '_ ` _ \ / _ \ / _` |/ _ \ | __/ _ \/ __| __|  | . ` | | |_ |
        | | | | | | (_) | (_| |  __/ | ||  __/\__ \ |_   | |\  | |__| |
        |_| |_| |_|\___/ \__,_|\___|_|\__\___||___/\__|  |_| \_|\_____|
--------------------------------------------------------------------------------
ModelTest-NG v0.1.7 released on 17.03.2021 by The Exelixis Lab.
Written by Diego Darriba.
Contributors: Tomas Flouri, Alexey Kozlov, Benoit Morel, David Posada, 
              Alexandros Stamatakis.
Latest version: https://github.com/ddarriba/modeltest
--------------------------------------------------------------------------------

ModelTest-NG v0.1.7 released on 17.03.2021 by The Exelixis Lab.
Written by Diego Darriba.
Contributors: Tomas Flouri, Alexey Kozlov, Benoit Morel, David Posada, 
              Alexandros Stamatakis.
Latest version: https://github.com/ddarriba/modeltest
Found 3 FASTA files
Processing: TF312796.fa
ModelTest-NG timed out for data/model_gen/V1_sample_aa/alignments/TF312796.fa
  - Using fallback parameter estimation
USING FALLBACK METHOD FOR PROTEIN PARAMETERS...
Processing: TF106101.fa
ModelTest-NG timed out for data/model_gen/V1_sample_aa/alignments/TF106101.fa
  - Using fallback parameter estimation
USING FALLBACK METHOD FOR PROTEIN PARAMETERS...
Processing: TF105060.fa
ModelTest-NG timed out for data/model_gen/V1_sample_aa/alignments/TF105060.fa
  - Using fallback parameter estimation
USING FALLBACK METHOD FOR PROTEIN PARAMETERS...
Successfully processed 3 alignments
Results saved to: data/model_gen/V1_sample_aa/protein_evolution_parameters.csv
Summary statistics saved to: data/model_gen/V1_sample_aa/parameter_summary.csv
Distribution plots saved to output folder
Protein evolution analysis complete!
Starting RPANDA analysis with all model combinations...
Tree folder: data/model_gen/V1_sample_aa/trees
CSV file: data/model_gen/V1_sample_aa/protein_evolution_parameters.csv
Output file: data/model_gen/V1_sample_aa/protein_evolution_parameters_with_rates.csv

=== MODEL COMBINATIONS TO BE TESTED ===
BCSTDCST: Birth constant, Death constant
BEXPCDST: Birth exponential, Death constant
BLINCDST: Birth linear, Death constant
BCSTDEXP: Birth constant, Death exponential
BEXPDEXP: Birth exponential, Death exponential
BLINDEXP: Birth linear, Death exponential
BCSTDLIN: Birth constant, Death linear
BEXPDLIN: Birth exponential, Death linear
BLINDLIN: Birth linear, Death linear

Reading CSV file...
Found 3 tree files
Processing tree: TF105060.tree
  Tree is not ultrametric, attempting to make ultrametric...
  Fitting BCSTDCST model...
  Fitting BEXPCDST model...
  Fitting BLINCDST model...
  Fitting BCSTDEXP model...
  Fitting BEXPDEXP model...
  Fitting BLINDEXP model...
  Fitting BCSTDLIN model...
  Fitting BEXPDLIN model...
  Fitting BLINDLIN model...
Processing tree: TF106101.tree
  Tree is not ultrametric, attempting to make ultrametric...
  Fitting BCSTDCST model...
  Fitting BEXPCDST model...
  Fitting BLINCDST model...
  Fitting BCSTDEXP model...
  Fitting BEXPDEXP model...
  Fitting BLINDEXP model...
  Fitting BCSTDLIN model...
  Fitting BEXPDLIN model...
  Fitting BLINDLIN model...
Processing tree: TF312796.tree
  Tree is not ultrametric, attempting to make ultrametric...
  Fitting BCSTDCST model...
  Fitting BEXPCDST model...
  Fitting BLINCDST model...
  Fitting BCSTDEXP model...
  Fitting BEXPDEXP model...
  Fitting BLINDEXP model...
  Fitting BCSTDLIN model...
  Fitting BEXPDLIN model...
  Fitting BLINDLIN model...
Matching tree files with CSV entries...
Merging data...
Writing results...

=== SUMMARY ===
CSV entries: 3
Tree files processed: 3
Successful matches: 3
Output written to: data/model_gen/V1_sample_aa/protein_evolution_parameters_with_rates.csv

=== RATE ESTIMATES SUMMARY ===
Speciation rate - Mean: 115.1294, Range: 19.5506 - 253.9297
Extinction rate - Mean: 107.8623, Range: -14.7533 - 244.8900
Net diversification - Mean: 7.2670, Range: -21.5425 - 34.3039

=== BEST MODELS SELECTED ===
RPANDA_BCSTDCST: 1 cases
RPANDA_BLINDLIN: 2 cases

=== MODEL COMPARISON NOTES ===
The output CSV now includes:
- all_models_aic: AIC values for all fitted models
- best_models_ranking: Models ranked by AIC (best to worst)
- delta_aic: Delta AIC values relative to best model

RPANDA analysis with all model combinations complete!
Substitution parameters extracted for V1_sample_aa.
Trees cleaned and moved to data/model_gen/V1_sample_aa/trees.
Tree topology parameters extracted for V1_sample_aa.
COMPLEETTEEEETETETETE!!!!
