Parsing data/simulation/SCOPt4e1/seq_1/historian/trace.log...
Found 98000 iterations
Parameters detected: []
Trace file written to data/simulation/SCOPt4e1/seq_1/historian/parsed_trace.log
Basic parser found limited data, trying advanced parser...
Using advanced parsing for data/simulation/SCOPt4e1/seq_1/historian/trace.log...
Parameter names identified: ['likelihood', 'indels', 'substitutions', 'mean_indel_length', 'indel_rate', 'a', 'r', 'n', 'd', 'c', 'q', 'e', 'g', 'h', 'i', 'l', 'k', 'm', 'f', 'p', 's', 't', 'w', 'y', 'v']
Advanced parsing complete. 98000 iterations written to data/simulation/SCOPt4e1/seq_1/historian/parsed_trace.log
Extracting trees from data/simulation/SCOPt4e1/seq_1/historian/trace.log...
Found 25 taxa: ['T13', 'T6', 'T14', 'T12', 'T11', 'T17', 'T9', 'T25', 'T16', 'T1', 'T3', 'T5', 'T19', 'T22', 'T15', 'T2', 'T4', 'T8', 'T7', 'T10', 'T20', 'T18', 'T23', 'T21', 'T24']
Extracted 98000 trees
NEXUS trees file written to data/simulation/SCOPt4e1/seq_1/historian/parsed_trace.log.trees
Trees converted from New Hampshire to standard Newick format
Internal node labels (node1, node2, etc.) removed

Summary:
  Iterations processed: 98000
  Parameters extracted: 25
  Output trace file: data/simulation/SCOPt4e1/seq_1/historian/parsed_trace.log
  Trees extracted: 98000
  Output trees file: data/simulation/SCOPt4e1/seq_1/historian/parsed_trace.log.trees
  Format: NEXUS (compatible with TreeStat2)
Parsing data/simulation/SCOPt3e1/seq_1/historian/trace.log...
Found 42000 iterations
Parameters detected: []
Trace file written to data/simulation/SCOPt3e1/seq_1/historian/parsed_trace.log
Basic parser found limited data, trying advanced parser...
Using advanced parsing for data/simulation/SCOPt3e1/seq_1/historian/trace.log...
Parameter names identified: ['likelihood', 'indels', 'substitutions', 'mean_indel_length', 'indel_rate', 'a', 'r', 'n', 'd', 'c', 'q', 'e', 'g', 'h', 'i', 'l', 'k', 'm', 'f', 'p', 's', 't', 'w', 'y', 'v']
Advanced parsing complete. 42000 iterations written to data/simulation/SCOPt3e1/seq_1/historian/parsed_trace.log
Extracting trees from data/simulation/SCOPt3e1/seq_1/historian/trace.log...
Found 11 taxa: ['T9', 'T1', 'T11', 'T8', 'T4', 'T6', 'T5', 'T7', 'T3', 'T2', 'T10']
Extracted 42000 trees
NEXUS trees file written to data/simulation/SCOPt3e1/seq_1/historian/parsed_trace.log.trees
Trees converted from New Hampshire to standard Newick format
Internal node labels (node1, node2, etc.) removed

Summary:
  Iterations processed: 42000
  Parameters extracted: 25
  Output trace file: data/simulation/SCOPt3e1/seq_1/historian/parsed_trace.log
  Trees extracted: 42000
  Output trees file: data/simulation/SCOPt3e1/seq_1/historian/parsed_trace.log.trees
  Format: NEXUS (compatible with TreeStat2)
Parsing data/simulation/SCOPt2e1/seq_1/historian/trace.log...
Found 30000 iterations
Parameters detected: []
Trace file written to data/simulation/SCOPt2e1/seq_1/historian/parsed_trace.log
Basic parser found limited data, trying advanced parser...
Using advanced parsing for data/simulation/SCOPt2e1/seq_1/historian/trace.log...
Parameter names identified: ['likelihood', 'indels', 'substitutions', 'mean_indel_length', 'indel_rate', 'a', 'r', 'n', 'd', 'c', 'q', 'e', 'g', 'h', 'i', 'l', 'k', 'm', 'f', 'p', 's', 't', 'w', 'y', 'v']
Advanced parsing complete. 30000 iterations written to data/simulation/SCOPt2e1/seq_1/historian/parsed_trace.log
Extracting trees from data/simulation/SCOPt2e1/seq_1/historian/trace.log...
Found 8 taxa: ['T4', 'T1', 'T7', 'T8', 'T5', 'T6', 'T3', 'T2']
Extracted 30000 trees
NEXUS trees file written to data/simulation/SCOPt2e1/seq_1/historian/parsed_trace.log.trees
Trees converted from New Hampshire to standard Newick format
Internal node labels (node1, node2, etc.) removed

Summary:
  Iterations processed: 30000
  Parameters extracted: 25
  Output trace file: data/simulation/SCOPt2e1/seq_1/historian/parsed_trace.log
  Trees extracted: 30000
  Output trees file: data/simulation/SCOPt2e1/seq_1/historian/parsed_trace.log.trees
  Format: NEXUS (compatible with TreeStat2)
Parsing data/simulation/SCOPt1e1/seq_1/historian/trace.log.1...
Found 27011 iterations
Parameters detected: []
Trace file written to data/simulation/SCOPt1e1/seq_1/historian/parsed_trace.log
Basic parser found limited data, trying advanced parser...
Using advanced parsing for data/simulation/SCOPt1e1/seq_1/historian/trace.log.1...
Parameter names identified: ['likelihood', 'indels', 'substitutions', 'mean_indel_length', 'indel_rate', 'a', 'r', 'n', 'd', 'c', 'q', 'e', 'g', 'h', 'i', 'l', 'k', 'm', 'f', 'p', 's', 't', 'w', 'y', 'v']
Advanced parsing complete. 27011 iterations written to data/simulation/SCOPt1e1/seq_1/historian/parsed_trace.log
Extracting trees from data/simulation/SCOPt1e1/seq_1/historian/trace.log.1...
Found 12 taxa: ['T7', 'T4', 'T2', 'T9', 'T1', 'T11', 'T10', 'T3', 'T5', 'T8', 'T12', 'T6']
Extracted 27011 trees
NEXUS trees file written to data/simulation/SCOPt1e1/seq_1/historian/parsed_trace.log.trees
Trees converted from New Hampshire to standard Newick format
Internal node labels (node1, node2, etc.) removed

Summary:
  Iterations processed: 27011
  Parameters extracted: 25
  Output trace file: data/simulation/SCOPt1e1/seq_1/historian/parsed_trace.log
  Trees extracted: 27011
  Output trees file: data/simulation/SCOPt1e1/seq_1/historian/parsed_trace.log.trees
  Format: NEXUS (compatible with TreeStat2)
Begun script...
Running historian...
['./tools/historian', 'reconstruct', '-seqs', 'data/simulation/SCOPt4e1/seq_1/sequences.fasta', '-mcmc', '-model', 'data/simulation/SCOPt4e1/seq_1/historian/lg.json', '-gamma', '5', '-shape', '1.5483518577932796', '-samples', '2000', '-trace', 'data/simulation/SCOPt4e1/seq_1/historian/trace.log', '-v5']
Historian ran successfully on data/simulation/SCOPt4e1/seq_1
Parsing historian trace...
Historian trace parsed successfully on data/simulation/SCOPt4e1/seq_1
Running baliphy...
bali-phy data/simulation/SCOPt4e1/seq_1/sequences.fasta -A Amino-Acids -i 100000 -n data/simulation/SCOPt4e1/seq_1/baliphy -S lg08 +> f(lg08_freq) +> Rates.gamma(5, alpha=1.5483518577932796) -I rs07(rate=0.5045457004439987, mean_length=2.1938613887164413)
Baliphy ran successfully on data/simulation/SCOPt4e1/seq_1
Running historian...
['./tools/historian', 'reconstruct', '-seqs', 'data/simulation/SCOPt3e1/seq_1/sequences.fasta', '-mcmc', '-model', 'data/simulation/SCOPt3e1/seq_1/historian/lg.json', '-gamma', '5', '-shape', '2.0350740841911534', '-samples', '2000', '-trace', 'data/simulation/SCOPt3e1/seq_1/historian/trace.log', '-v5']
Historian ran successfully on data/simulation/SCOPt3e1/seq_1
Parsing historian trace...
Historian trace parsed successfully on data/simulation/SCOPt3e1/seq_1
Running baliphy...
bali-phy data/simulation/SCOPt3e1/seq_1/sequences.fasta -A Amino-Acids -i 44000 -n data/simulation/SCOPt3e1/seq_1/baliphy -S lg08 +> f(lg08_freq) +> Rates.gamma(5, alpha=2.0350740841911534) -I rs07(rate=0.4232350154749237, mean_length=5.568687704195074)
Baliphy ran successfully on data/simulation/SCOPt3e1/seq_1
Running historian...
['./tools/historian', 'reconstruct', '-seqs', 'data/simulation/SCOPt2e1/seq_1/sequences.fasta', '-mcmc', '-model', 'data/simulation/SCOPt2e1/seq_1/historian/lg.json', '-gamma', '5', '-shape', '1.5442508099876162', '-samples', '2000', '-trace', 'data/simulation/SCOPt2e1/seq_1/historian/trace.log', '-v5']
Historian ran successfully on data/simulation/SCOPt2e1/seq_1
Parsing historian trace...
Historian trace parsed successfully on data/simulation/SCOPt2e1/seq_1
Running baliphy...
bali-phy data/simulation/SCOPt2e1/seq_1/sequences.fasta -A Amino-Acids -i 32000 -n data/simulation/SCOPt2e1/seq_1/baliphy -S lg08 +> f(lg08_freq) +> Rates.gamma(5, alpha=1.5442508099876162) -I rs07(rate=0.4687420068339855, mean_length=5.943979734320724)
Baliphy ran successfully on data/simulation/SCOPt2e1/seq_1
Running historian...
['./tools/historian', 'reconstruct', '-seqs', 'data/simulation/SCOPt1e1/seq_1/sequences.fasta', '-mcmc', '-model', 'data/simulation/SCOPt1e1/seq_1/historian/lg.json', '-gamma', '5', '-shape', '1.8572344303576052', '-samples', '2000', '-trace', 'data/simulation/SCOPt1e1/seq_1/historian/trace.log', '-v5']
Error running historian on data/simulation/SCOPt1e1/seq_1: Command '['./tools/historian', 'reconstruct', '-seqs', 'data/simulation/SCOPt1e1/seq_1/sequences.fasta', '-mcmc', '-model', 'data/simulation/SCOPt1e1/seq_1/historian/lg.json', '-gamma', '5', '-shape', '1.8572344303576052', '-samples', '2000', '-trace', 'data/simulation/SCOPt1e1/seq_1/historian/trace.log', '-v5']' died with <Signals.SIGSEGV: 11>.
Parsing historian trace...
Historian trace parsed successfully on data/simulation/SCOPt1e1/seq_1
Running baliphy...
bali-phy data/simulation/SCOPt1e1/seq_1/sequences.fasta -A Amino-Acids -i 48000 -n data/simulation/SCOPt1e1/seq_1/baliphy -S lg08 +> f(lg08_freq) +> Rates.gamma(5, alpha=1.8572344303576052) -I rs07(rate=0.43200702330304164, mean_length=4.702348534555336)
Baliphy ran successfully on data/simulation/SCOPt1e1/seq_1
Ran benchmark- ELAPSED TIME: 474258.93706822395============================
COMPLEETTEEEETETETETE!!!!
