Taxa bit representation:
Gracilinanus_agilis 1000000000000000000000000000000000000000000000000000000000000000000000000000000000000000000000000000000000000000000000000000000000000000000000000000000000000000000000000000000000000000
Dromiciops_gliroides 0100000000000000000000000000000000000000000000000000000000000000000000000000000000000000000000000000000000000000000000000000000000000000000000000000000000000000000000000000000000000000
Phascolarctos_cinereus 0010000000000000000000000000000000000000000000000000000000000000000000000000000000000000000000000000000000000000000000000000000000000000000000000000000000000000000000000000000000000000
Vombatus_ursinus 0001000000000000000000000000000000000000000000000000000000000000000000000000000000000000000000000000000000000000000000000000000000000000000000000000000000000000000000000000000000000000
Trichosurus_vulpecula 0000100000000000000000000000000000000000000000000000000000000000000000000000000000000000000000000000000000000000000000000000000000000000000000000000000000000000000000000000000000000000
Pteropus_alecto 0000010000000000000000000000000000000000000000000000000000000000000000000000000000000000000000000000000000000000000000000000000000000000000000000000000000000000000000000000000000000000
Sarcophilus_harrisii 0000001000000000000000000000000000000000000000000000000000000000000000000000000000000000000000000000000000000000000000000000000000000000000000000000000000000000000000000000000000000000
Myotis_davidii 0000000100000000000000000000000000000000000000000000000000000000000000000000000000000000000000000000000000000000000000000000000000000000000000000000000000000000000000000000000000000000
Myotis_lucifugus 0000000010000000000000000000000000000000000000000000000000000000000000000000000000000000000000000000000000000000000000000000000000000000000000000000000000000000000000000000000000000000
Desmodus_rotundus 0000000001000000000000000000000000000000000000000000000000000000000000000000000000000000000000000000000000000000000000000000000000000000000000000000000000000000000000000000000000000000
Miniopterus_natalensis 0000000000100000000000000000000000000000000000000000000000000000000000000000000000000000000000000000000000000000000000000000000000000000000000000000000000000000000000000000000000000000
Myotis_myotis 0000000000010000000000000000000000000000000000000000000000000000000000000000000000000000000000000000000000000000000000000000000000000000000000000000000000000000000000000000000000000000
Pipistrellus_kuhlii 0000000000001000000000000000000000000000000000000000000000000000000000000000000000000000000000000000000000000000000000000000000000000000000000000000000000000000000000000000000000000000
Propithecus_coquereli 0000000000000100000000000000000000000000000000000000000000000000000000000000000000000000000000000000000000000000000000000000000000000000000000000000000000000000000000000000000000000000
Eptesicus_fuscus 0000000000000010000000000000000000000000000000000000000000000000000000000000000000000000000000000000000000000000000000000000000000000000000000000000000000000000000000000000000000000000
Lemur_catta 0000000000000001000000000000000000000000000000000000000000000000000000000000000000000000000000000000000000000000000000000000000000000000000000000000000000000000000000000000000000000000
Molossus_molossus 0000000000000000100000000000000000000000000000000000000000000000000000000000000000000000000000000000000000000000000000000000000000000000000000000000000000000000000000000000000000000000
Otolemur_garnettii 0000000000000000010000000000000000000000000000000000000000000000000000000000000000000000000000000000000000000000000000000000000000000000000000000000000000000000000000000000000000000000
Cercocebus_atys 0000000000000000001000000000000000000000000000000000000000000000000000000000000000000000000000000000000000000000000000000000000000000000000000000000000000000000000000000000000000000000
Microcebus_murinus 0000000000000000000100000000000000000000000000000000000000000000000000000000000000000000000000000000000000000000000000000000000000000000000000000000000000000000000000000000000000000000
Macaca_fascicularis 0000000000000000000010000000000000000000000000000000000000000000000000000000000000000000000000000000000000000000000000000000000000000000000000000000000000000000000000000000000000000000
Carlito_syrichta 0000000000000000000001000000000000000000000000000000000000000000000000000000000000000000000000000000000000000000000000000000000000000000000000000000000000000000000000000000000000000000
Phyllostomus_hastatus 0000000000000000000000100000000000000000000000000000000000000000000000000000000000000000000000000000000000000000000000000000000000000000000000000000000000000000000000000000000000000000
Mandrillus_leucophaeus 0000000000000000000000010000000000000000000000000000000000000000000000000000000000000000000000000000000000000000000000000000000000000000000000000000000000000000000000000000000000000000
Macaca_nemestrina 0000000000000000000000001000000000000000000000000000000000000000000000000000000000000000000000000000000000000000000000000000000000000000000000000000000000000000000000000000000000000000
Papio_anubis 0000000000000000000000000100000000000000000000000000000000000000000000000000000000000000000000000000000000000000000000000000000000000000000000000000000000000000000000000000000000000000
Macaca_thibetana_thibetana 0000000000000000000000000010000000000000000000000000000000000000000000000000000000000000000000000000000000000000000000000000000000000000000000000000000000000000000000000000000000000000
Theropithecus_gelada 0000000000000000000000000001000000000000000000000000000000000000000000000000000000000000000000000000000000000000000000000000000000000000000000000000000000000000000000000000000000000000
Macaca_mulatta 0000000000000000000000000000100000000000000000000000000000000000000000000000000000000000000000000000000000000000000000000000000000000000000000000000000000000000000000000000000000000000
Phyllostomus_discolor 0000000000000000000000000000010000000000000000000000000000000000000000000000000000000000000000000000000000000000000000000000000000000000000000000000000000000000000000000000000000000000
Myotis_brandtii 0000000000000000000000000000001000000000000000000000000000000000000000000000000000000000000000000000000000000000000000000000000000000000000000000000000000000000000000000000000000000000
Rousettus_aegyptiacus 0000000000000000000000000000000100000000000000000000000000000000000000000000000000000000000000000000000000000000000000000000000000000000000000000000000000000000000000000000000000000000
Artibeus_jamaicensis 0000000000000000000000000000000010000000000000000000000000000000000000000000000000000000000000000000000000000000000000000000000000000000000000000000000000000000000000000000000000000000
Vulpes_vulpes 0000000000000000000000000000000001000000000000000000000000000000000000000000000000000000000000000000000000000000000000000000000000000000000000000000000000000000000000000000000000000000
Saimiri_boliviensis_boliviensis 0000000000000000000000000000000000100000000000000000000000000000000000000000000000000000000000000000000000000000000000000000000000000000000000000000000000000000000000000000000000000000
Callithrix_jacchus 0000000000000000000000000000000000010000000000000000000000000000000000000000000000000000000000000000000000000000000000000000000000000000000000000000000000000000000000000000000000000000
Sapajus_apella 0000000000000000000000000000000000001000000000000000000000000000000000000000000000000000000000000000000000000000000000000000000000000000000000000000000000000000000000000000000000000000
Cricetulus_griseus 0000000000000000000000000000000000000100000000000000000000000000000000000000000000000000000000000000000000000000000000000000000000000000000000000000000000000000000000000000000000000000
Trachypithecus_francoisi 0000000000000000000000000000000000000010000000000000000000000000000000000000000000000000000000000000000000000000000000000000000000000000000000000000000000000000000000000000000000000000
Nomascus_leucogenys 0000000000000000000000000000000000000001000000000000000000000000000000000000000000000000000000000000000000000000000000000000000000000000000000000000000000000000000000000000000000000000
Hylobates_moloch 0000000000000000000000000000000000000000100000000000000000000000000000000000000000000000000000000000000000000000000000000000000000000000000000000000000000000000000000000000000000000000
Peromyscus_californicus_insignis 0000000000000000000000000000000000000000010000000000000000000000000000000000000000000000000000000000000000000000000000000000000000000000000000000000000000000000000000000000000000000000
Peromyscus_maniculatus_bairdii 0000000000000000000000000000000000000000001000000000000000000000000000000000000000000000000000000000000000000000000000000000000000000000000000000000000000000000000000000000000000000000
Ochotona_curzoniae 0000000000000000000000000000000000000000000100000000000000000000000000000000000000000000000000000000000000000000000000000000000000000000000000000000000000000000000000000000000000000000
Oryctolagus_cuniculus 0000000000000000000000000000000000000000000010000000000000000000000000000000000000000000000000000000000000000000000000000000000000000000000000000000000000000000000000000000000000000000
Galeopterus_variegatus 0000000000000000000000000000000000000000000001000000000000000000000000000000000000000000000000000000000000000000000000000000000000000000000000000000000000000000000000000000000000000000
Tupaia_chinensis 0000000000000000000000000000000000000000000000100000000000000000000000000000000000000000000000000000000000000000000000000000000000000000000000000000000000000000000000000000000000000000
Ochotona_princeps 0000000000000000000000000000000000000000000000010000000000000000000000000000000000000000000000000000000000000000000000000000000000000000000000000000000000000000000000000000000000000000
Peromyscus_leucopus 0000000000000000000000000000000000000000000000001000000000000000000000000000000000000000000000000000000000000000000000000000000000000000000000000000000000000000000000000000000000000000
Pan_paniscus 0000000000000000000000000000000000000000000000000100000000000000000000000000000000000000000000000000000000000000000000000000000000000000000000000000000000000000000000000000000000000000
Pan_troglodytes 0000000000000000000000000000000000000000000000000010000000000000000000000000000000000000000000000000000000000000000000000000000000000000000000000000000000000000000000000000000000000000
Aotus_nancymaae 0000000000000000000000000000000000000000000000000001000000000000000000000000000000000000000000000000000000000000000000000000000000000000000000000000000000000000000000000000000000000000
Pongo_abelii 0000000000000000000000000000000000000000000000000000100000000000000000000000000000000000000000000000000000000000000000000000000000000000000000000000000000000000000000000000000000000000
Homo_sapiens 0000000000000000000000000000000000000000000000000000010000000000000000000000000000000000000000000000000000000000000000000000000000000000000000000000000000000000000000000000000000000000
Gorilla_gorilla_gorilla 0000000000000000000000000000000000000000000000000000001000000000000000000000000000000000000000000000000000000000000000000000000000000000000000000000000000000000000000000000000000000000
Cebus_imitator 0000000000000000000000000000000000000000000000000000000100000000000000000000000000000000000000000000000000000000000000000000000000000000000000000000000000000000000000000000000000000000
Chlorocebus_sabaeus 0000000000000000000000000000000000000000000000000000000010000000000000000000000000000000000000000000000000000000000000000000000000000000000000000000000000000000000000000000000000000000
Onychomys_torridus 0000000000000000000000000000000000000000000000000000000001000000000000000000000000000000000000000000000000000000000000000000000000000000000000000000000000000000000000000000000000000000
Rhinopithecus_roxellana 0000000000000000000000000000000000000000000000000000000000100000000000000000000000000000000000000000000000000000000000000000000000000000000000000000000000000000000000000000000000000000
Piliocolobus_tephrosceles 0000000000000000000000000000000000000000000000000000000000010000000000000000000000000000000000000000000000000000000000000000000000000000000000000000000000000000000000000000000000000000
Colobus_angolensis_palliatus 0000000000000000000000000000000000000000000000000000000000001000000000000000000000000000000000000000000000000000000000000000000000000000000000000000000000000000000000000000000000000000
Rhinopithecus_bieti 0000000000000000000000000000000000000000000000000000000000000100000000000000000000000000000000000000000000000000000000000000000000000000000000000000000000000000000000000000000000000000
Rhinolophus_ferrumequinum 0000000000000000000000000000000000000000000000000000000000000010000000000000000000000000000000000000000000000000000000000000000000000000000000000000000000000000000000000000000000000000
Chrysochloris_asiatica 0000000000000000000000000000000000000000000000000000000000000001000000000000000000000000000000000000000000000000000000000000000000000000000000000000000000000000000000000000000000000000
Dasypus_novemcinctus 0000000000000000000000000000000000000000000000000000000000000000100000000000000000000000000000000000000000000000000000000000000000000000000000000000000000000000000000000000000000000000
Echinops_telfairi 0000000000000000000000000000000000000000000000000000000000000000010000000000000000000000000000000000000000000000000000000000000000000000000000000000000000000000000000000000000000000000
Phodopus_roborovskii 0000000000000000000000000000000000000000000000000000000000000000001000000000000000000000000000000000000000000000000000000000000000000000000000000000000000000000000000000000000000000000
Mus_pahari 0000000000000000000000000000000000000000000000000000000000000000000100000000000000000000000000000000000000000000000000000000000000000000000000000000000000000000000000000000000000000000
Chinchilla_lanigera 0000000000000000000000000000000000000000000000000000000000000000000010000000000000000000000000000000000000000000000000000000000000000000000000000000000000000000000000000000000000000000
Microtus_oregoni 0000000000000000000000000000000000000000000000000000000000000000000001000000000000000000000000000000000000000000000000000000000000000000000000000000000000000000000000000000000000000000
Myodes_glareolus 0000000000000000000000000000000000000000000000000000000000000000000000100000000000000000000000000000000000000000000000000000000000000000000000000000000000000000000000000000000000000000
Mus_musculus 0000000000000000000000000000000000000000000000000000000000000000000000010000000000000000000000000000000000000000000000000000000000000000000000000000000000000000000000000000000000000000
Meriones_unguiculatus 0000000000000000000000000000000000000000000000000000000000000000000000001000000000000000000000000000000000000000000000000000000000000000000000000000000000000000000000000000000000000000
Acomys_russatus 0000000000000000000000000000000000000000000000000000000000000000000000000100000000000000000000000000000000000000000000000000000000000000000000000000000000000000000000000000000000000000
Mus_caroli 0000000000000000000000000000000000000000000000000000000000000000000000000010000000000000000000000000000000000000000000000000000000000000000000000000000000000000000000000000000000000000
Arvicanthis_niloticus 0000000000000000000000000000000000000000000000000000000000000000000000000001000000000000000000000000000000000000000000000000000000000000000000000000000000000000000000000000000000000000
Jaculus_jaculus 0000000000000000000000000000000000000000000000000000000000000000000000000000100000000000000000000000000000000000000000000000000000000000000000000000000000000000000000000000000000000000
Rattus_norvegicus 0000000000000000000000000000000000000000000000000000000000000000000000000000010000000000000000000000000000000000000000000000000000000000000000000000000000000000000000000000000000000000
Castor_canadensis 0000000000000000000000000000000000000000000000000000000000000000000000000000001000000000000000000000000000000000000000000000000000000000000000000000000000000000000000000000000000000000
Dipodomys_ordii 0000000000000000000000000000000000000000000000000000000000000000000000000000000100000000000000000000000000000000000000000000000000000000000000000000000000000000000000000000000000000000
Perognathus_longimembris_pacificus 0000000000000000000000000000000000000000000000000000000000000000000000000000000010000000000000000000000000000000000000000000000000000000000000000000000000000000000000000000000000000000
Nannospalax_galili 0000000000000000000000000000000000000000000000000000000000000000000000000000000001000000000000000000000000000000000000000000000000000000000000000000000000000000000000000000000000000000
Rattus_rattus 0000000000000000000000000000000000000000000000000000000000000000000000000000000000100000000000000000000000000000000000000000000000000000000000000000000000000000000000000000000000000000
Dipodomys_spectabilis 0000000000000000000000000000000000000000000000000000000000000000000000000000000000010000000000000000000000000000000000000000000000000000000000000000000000000000000000000000000000000000
Apodemus_sylvaticus 0000000000000000000000000000000000000000000000000000000000000000000000000000000000001000000000000000000000000000000000000000000000000000000000000000000000000000000000000000000000000000
Grammomys_surdaster 0000000000000000000000000000000000000000000000000000000000000000000000000000000000000100000000000000000000000000000000000000000000000000000000000000000000000000000000000000000000000000
Mastomys_coucha 0000000000000000000000000000000000000000000000000000000000000000000000000000000000000010000000000000000000000000000000000000000000000000000000000000000000000000000000000000000000000000
Microtus_ochrogaster 0000000000000000000000000000000000000000000000000000000000000000000000000000000000000001000000000000000000000000000000000000000000000000000000000000000000000000000000000000000000000000
Microtus_fortis 0000000000000000000000000000000000000000000000000000000000000000000000000000000000000000100000000000000000000000000000000000000000000000000000000000000000000000000000000000000000000000
Octodon_degus 0000000000000000000000000000000000000000000000000000000000000000000000000000000000000000010000000000000000000000000000000000000000000000000000000000000000000000000000000000000000000000
Elephas_maximus_indicus 0000000000000000000000000000000000000000000000000000000000000000000000000000000000000000001000000000000000000000000000000000000000000000000000000000000000000000000000000000000000000000
Fukomys_damarensis 0000000000000000000000000000000000000000000000000000000000000000000000000000000000000000000100000000000000000000000000000000000000000000000000000000000000000000000000000000000000000000
Heterocephalus_glaber 0000000000000000000000000000000000000000000000000000000000000000000000000000000000000000000010000000000000000000000000000000000000000000000000000000000000000000000000000000000000000000
Ictidomys_tridecemlineatus 0000000000000000000000000000000000000000000000000000000000000000000000000000000000000000000001000000000000000000000000000000000000000000000000000000000000000000000000000000000000000000
Cavia_porcellus 0000000000000000000000000000000000000000000000000000000000000000000000000000000000000000000000100000000000000000000000000000000000000000000000000000000000000000000000000000000000000000
Marmota_flaviventris 0000000000000000000000000000000000000000000000000000000000000000000000000000000000000000000000010000000000000000000000000000000000000000000000000000000000000000000000000000000000000000
Urocitellus_parryii 0000000000000000000000000000000000000000000000000000000000000000000000000000000000000000000000001000000000000000000000000000000000000000000000000000000000000000000000000000000000000000
Marmota_monax 0000000000000000000000000000000000000000000000000000000000000000000000000000000000000000000000000100000000000000000000000000000000000000000000000000000000000000000000000000000000000000
Marmota_marmota_marmota 0000000000000000000000000000000000000000000000000000000000000000000000000000000000000000000000000010000000000000000000000000000000000000000000000000000000000000000000000000000000000000
Orycteropus_afer_afer 0000000000000000000000000000000000000000000000000000000000000000000000000000000000000000000000000001000000000000000000000000000000000000000000000000000000000000000000000000000000000000
Trichechus_manatus_latirostris 0000000000000000000000000000000000000000000000000000000000000000000000000000000000000000000000000000100000000000000000000000000000000000000000000000000000000000000000000000000000000000
Elephantulus_edwardii 0000000000000000000000000000000000000000000000000000000000000000000000000000000000000000000000000000010000000000000000000000000000000000000000000000000000000000000000000000000000000000
Loxodonta_africana 0000000000000000000000000000000000000000000000000000000000000000000000000000000000000000000000000000001000000000000000000000000000000000000000000000000000000000000000000000000000000000
Mesocricetus_auratus 0000000000000000000000000000000000000000000000000000000000000000000000000000000000000000000000000000000100000000000000000000000000000000000000000000000000000000000000000000000000000000
Arvicola_amphibius 0000000000000000000000000000000000000000000000000000000000000000000000000000000000000000000000000000000010000000000000000000000000000000000000000000000000000000000000000000000000000000
Bos_taurus 0000000000000000000000000000000000000000000000000000000000000000000000000000000000000000000000000000000001000000000000000000000000000000000000000000000000000000000000000000000000000000
Choloepus_didactylus 0000000000000000000000000000000000000000000000000000000000000000000000000000000000000000000000000000000000100000000000000000000000000000000000000000000000000000000000000000000000000000
Bos_mutus 0000000000000000000000000000000000000000000000000000000000000000000000000000000000000000000000000000000000010000000000000000000000000000000000000000000000000000000000000000000000000000
Bos_indicus 0000000000000000000000000000000000000000000000000000000000000000000000000000000000000000000000000000000000001000000000000000000000000000000000000000000000000000000000000000000000000000
Bubalus_bubalis 0000000000000000000000000000000000000000000000000000000000000000000000000000000000000000000000000000000000000100000000000000000000000000000000000000000000000000000000000000000000000000
Ovis_aries 0000000000000000000000000000000000000000000000000000000000000000000000000000000000000000000000000000000000000010000000000000000000000000000000000000000000000000000000000000000000000000
Physeter_catodon 0000000000000000000000000000000000000000000000000000000000000000000000000000000000000000000000000000000000000001000000000000000000000000000000000000000000000000000000000000000000000000
Lagenorhynchus_obliquidens 0000000000000000000000000000000000000000000000000000000000000000000000000000000000000000000000000000000000000000100000000000000000000000000000000000000000000000000000000000000000000000
Oryx_dammah 0000000000000000000000000000000000000000000000000000000000000000000000000000000000000000000000000000000000000000010000000000000000000000000000000000000000000000000000000000000000000000
Delphinapterus_leucas 0000000000000000000000000000000000000000000000000000000000000000000000000000000000000000000000000000000000000000001000000000000000000000000000000000000000000000000000000000000000000000
Neophocaena_asiaeorientalis_asiaeorientalis 0000000000000000000000000000000000000000000000000000000000000000000000000000000000000000000000000000000000000000000100000000000000000000000000000000000000000000000000000000000000000000
Tursiops_truncatus 0000000000000000000000000000000000000000000000000000000000000000000000000000000000000000000000000000000000000000000010000000000000000000000000000000000000000000000000000000000000000000
Phocoena_sinus 0000000000000000000000000000000000000000000000000000000000000000000000000000000000000000000000000000000000000000000001000000000000000000000000000000000000000000000000000000000000000000
Orcinus_orca 0000000000000000000000000000000000000000000000000000000000000000000000000000000000000000000000000000000000000000000000100000000000000000000000000000000000000000000000000000000000000000
Balaenoptera_musculus 0000000000000000000000000000000000000000000000000000000000000000000000000000000000000000000000000000000000000000000000010000000000000000000000000000000000000000000000000000000000000000
Cervus_elaphus 0000000000000000000000000000000000000000000000000000000000000000000000000000000000000000000000000000000000000000000000001000000000000000000000000000000000000000000000000000000000000000
Odocoileus_virginianus_texanus 0000000000000000000000000000000000000000000000000000000000000000000000000000000000000000000000000000000000000000000000000100000000000000000000000000000000000000000000000000000000000000
Balaenoptera_acutorostrata_scammoni 0000000000000000000000000000000000000000000000000000000000000000000000000000000000000000000000000000000000000000000000000010000000000000000000000000000000000000000000000000000000000000
Cervus_canadensis 0000000000000000000000000000000000000000000000000000000000000000000000000000000000000000000000000000000000000000000000000001000000000000000000000000000000000000000000000000000000000000
Globicephala_melas 0000000000000000000000000000000000000000000000000000000000000000000000000000000000000000000000000000000000000000000000000000100000000000000000000000000000000000000000000000000000000000
Camelus_bactrianus 0000000000000000000000000000000000000000000000000000000000000000000000000000000000000000000000000000000000000000000000000000010000000000000000000000000000000000000000000000000000000000
Lipotes_vexillifer 0000000000000000000000000000000000000000000000000000000000000000000000000000000000000000000000000000000000000000000000000000001000000000000000000000000000000000000000000000000000000000
Camelus_dromedarius 0000000000000000000000000000000000000000000000000000000000000000000000000000000000000000000000000000000000000000000000000000000100000000000000000000000000000000000000000000000000000000
Vicugna_pacos 0000000000000000000000000000000000000000000000000000000000000000000000000000000000000000000000000000000000000000000000000000000010000000000000000000000000000000000000000000000000000000
Equus_asinus 0000000000000000000000000000000000000000000000000000000000000000000000000000000000000000000000000000000000000000000000000000000001000000000000000000000000000000000000000000000000000000
Sus_scrofa 0000000000000000000000000000000000000000000000000000000000000000000000000000000000000000000000000000000000000000000000000000000000100000000000000000000000000000000000000000000000000000
Ceratotherium_simum_simum 0000000000000000000000000000000000000000000000000000000000000000000000000000000000000000000000000000000000000000000000000000000000010000000000000000000000000000000000000000000000000000
Camelus_ferus 0000000000000000000000000000000000000000000000000000000000000000000000000000000000000000000000000000000000000000000000000000000000001000000000000000000000000000000000000000000000000000
Equus_quagga 0000000000000000000000000000000000000000000000000000000000000000000000000000000000000000000000000000000000000000000000000000000000000100000000000000000000000000000000000000000000000000
Budorcas_taxicolor 0000000000000000000000000000000000000000000000000000000000000000000000000000000000000000000000000000000000000000000000000000000000000010000000000000000000000000000000000000000000000000
Monodon_monoceros 0000000000000000000000000000000000000000000000000000000000000000000000000000000000000000000000000000000000000000000000000000000000000001000000000000000000000000000000000000000000000000
Capra_hircus 0000000000000000000000000000000000000000000000000000000000000000000000000000000000000000000000000000000000000000000000000000000000000000100000000000000000000000000000000000000000000000
Vulpes_lagopus 0000000000000000000000000000000000000000000000000000000000000000000000000000000000000000000000000000000000000000000000000000000000000000010000000000000000000000000000000000000000000000
Hyaena_hyaena 0000000000000000000000000000000000000000000000000000000000000000000000000000000000000000000000000000000000000000000000000000000000000000001000000000000000000000000000000000000000000000
Ursus_arctos 0000000000000000000000000000000000000000000000000000000000000000000000000000000000000000000000000000000000000000000000000000000000000000000100000000000000000000000000000000000000000000
Lynx_canadensis 0000000000000000000000000000000000000000000000000000000000000000000000000000000000000000000000000000000000000000000000000000000000000000000010000000000000000000000000000000000000000000
Felis_catus 0000000000000000000000000000000000000000000000000000000000000000000000000000000000000000000000000000000000000000000000000000000000000000000001000000000000000000000000000000000000000000
Panthera_tigris 0000000000000000000000000000000000000000000000000000000000000000000000000000000000000000000000000000000000000000000000000000000000000000000000100000000000000000000000000000000000000000
Panthera_uncia 0000000000000000000000000000000000000000000000000000000000000000000000000000000000000000000000000000000000000000000000000000000000000000000000010000000000000000000000000000000000000000
Suricata_suricatta 0000000000000000000000000000000000000000000000000000000000000000000000000000000000000000000000000000000000000000000000000000000000000000000000001000000000000000000000000000000000000000
Panthera_pardus 0000000000000000000000000000000000000000000000000000000000000000000000000000000000000000000000000000000000000000000000000000000000000000000000000100000000000000000000000000000000000000
Leopardus_geoffroyi 0000000000000000000000000000000000000000000000000000000000000000000000000000000000000000000000000000000000000000000000000000000000000000000000000010000000000000000000000000000000000000
Canis_lupus_dingo 0000000000000000000000000000000000000000000000000000000000000000000000000000000000000000000000000000000000000000000000000000000000000000000000000001000000000000000000000000000000000000
Mirounga_leonina 0000000000000000000000000000000000000000000000000000000000000000000000000000000000000000000000000000000000000000000000000000000000000000000000000000100000000000000000000000000000000000
Equus_przewalskii 0000000000000000000000000000000000000000000000000000000000000000000000000000000000000000000000000000000000000000000000000000000000000000000000000000010000000000000000000000000000000000
Equus_caballus 0000000000000000000000000000000000000000000000000000000000000000000000000000000000000000000000000000000000000000000000000000000000000000000000000000001000000000000000000000000000000000
Manis_pentadactyla 0000000000000000000000000000000000000000000000000000000000000000000000000000000000000000000000000000000000000000000000000000000000000000000000000000000100000000000000000000000000000000
Zalophus_californianus 0000000000000000000000000000000000000000000000000000000000000000000000000000000000000000000000000000000000000000000000000000000000000000000000000000000010000000000000000000000000000000
Callorhinus_ursinus 0000000000000000000000000000000000000000000000000000000000000000000000000000000000000000000000000000000000000000000000000000000000000000000000000000000001000000000000000000000000000000
Meles_meles 0000000000000000000000000000000000000000000000000000000000000000000000000000000000000000000000000000000000000000000000000000000000000000000000000000000000100000000000000000000000000000
Neogale_vison 0000000000000000000000000000000000000000000000000000000000000000000000000000000000000000000000000000000000000000000000000000000000000000000000000000000000010000000000000000000000000000
Manis_javanica 0000000000000000000000000000000000000000000000000000000000000000000000000000000000000000000000000000000000000000000000000000000000000000000000000000000000001000000000000000000000000000
Lontra_canadensis 0000000000000000000000000000000000000000000000000000000000000000000000000000000000000000000000000000000000000000000000000000000000000000000000000000000000000100000000000000000000000000
Enhydra_lutris_kenyoni 0000000000000000000000000000000000000000000000000000000000000000000000000000000000000000000000000000000000000000000000000000000000000000000000000000000000000010000000000000000000000000
Mustela_erminea 0000000000000000000000000000000000000000000000000000000000000000000000000000000000000000000000000000000000000000000000000000000000000000000000000000000000000001000000000000000000000000
Mustela_putorius_furo 0000000000000000000000000000000000000000000000000000000000000000000000000000000000000000000000000000000000000000000000000000000000000000000000000000000000000000100000000000000000000000
Eumetopias_jubatus 0000000000000000000000000000000000000000000000000000000000000000000000000000000000000000000000000000000000000000000000000000000000000000000000000000000000000000010000000000000000000000
Neomonachus_schauinslandi 0000000000000000000000000000000000000000000000000000000000000000000000000000000000000000000000000000000000000000000000000000000000000000000000000000000000000000001000000000000000000000
Ursus_maritimus 0000000000000000000000000000000000000000000000000000000000000000000000000000000000000000000000000000000000000000000000000000000000000000000000000000000000000000000100000000000000000000
Ailuropoda_melanoleuca 0000000000000000000000000000000000000000000000000000000000000000000000000000000000000000000000000000000000000000000000000000000000000000000000000000000000000000000010000000000000000000
Ursus_americanus 0000000000000000000000000000000000000000000000000000000000000000000000000000000000000000000000000000000000000000000000000000000000000000000000000000000000000000000001000000000000000000
Leptonychotes_weddellii 0000000000000000000000000000000000000000000000000000000000000000000000000000000000000000000000000000000000000000000000000000000000000000000000000000000000000000000000100000000000000000
Mirounga_angustirostris 0000000000000000000000000000000000000000000000000000000000000000000000000000000000000000000000000000000000000000000000000000000000000000000000000000000000000000000000010000000000000000
Odobenus_rosmarus_divergens 0000000000000000000000000000000000000000000000000000000000000000000000000000000000000000000000000000000000000000000000000000000000000000000000000000000000000000000000001000000000000000
Phoca_vitulina 0000000000000000000000000000000000000000000000000000000000000000000000000000000000000000000000000000000000000000000000000000000000000000000000000000000000000000000000000100000000000000
Halichoerus_grypus 0000000000000000000000000000000000000000000000000000000000000000000000000000000000000000000000000000000000000000000000000000000000000000000000000000000000000000000000000010000000000000
Pteropus_giganteus 0000000000000000000000000000000000000000000000000000000000000000000000000000000000000000000000000000000000000000000000000000000000000000000000000000000000000000000000000001000000000000
Pteropus_vampyrus 0000000000000000000000000000000000000000000000000000000000000000000000000000000000000000000000000000000000000000000000000000000000000000000000000000000000000000000000000000100000000000
Hipposideros_armiger 0000000000000000000000000000000000000000000000000000000000000000000000000000000000000000000000000000000000000000000000000000000000000000000000000000000000000000000000000000010000000000
Sturnira_hondurensis 0000000000000000000000000000000000000000000000000000000000000000000000000000000000000000000000000000000000000000000000000000000000000000000000000000000000000000000000000000001000000000
Talpa_occidentalis 0000000000000000000000000000000000000000000000000000000000000000000000000000000000000000000000000000000000000000000000000000000000000000000000000000000000000000000000000000000100000000
Antechinus_flavipes 0000000000000000000000000000000000000000000000000000000000000000000000000000000000000000000000000000000000000000000000000000000000000000000000000000000000000000000000000000000010000000
Erinaceus_europaeus 0000000000000000000000000000000000000000000000000000000000000000000000000000000000000000000000000000000000000000000000000000000000000000000000000000000000000000000000000000000001000000
Condylura_cristata 0000000000000000000000000000000000000000000000000000000000000000000000000000000000000000000000000000000000000000000000000000000000000000000000000000000000000000000000000000000000100000
Sorex_araneus 0000000000000000000000000000000000000000000000000000000000000000000000000000000000000000000000000000000000000000000000000000000000000000000000000000000000000000000000000000000000010000
Suncus_etruscus 0000000000000000000000000000000000000000000000000000000000000000000000000000000000000000000000000000000000000000000000000000000000000000000000000000000000000000000000000000000000001000
Monodelphis_domestica 0000000000000000000000000000000000000000000000000000000000000000000000000000000000000000000000000000000000000000000000000000000000000000000000000000000000000000000000000000000000000100
Prionailurus_bengalensis 0000000000000000000000000000000000000000000000000000000000000000000000000000000000000000000000000000000000000000000000000000000000000000000000000000000000000000000000000000000000000010
Puma_concolor 0000000000000000000000000000000000000000000000000000000000000000000000000000000000000000000000000000000000000000000000000000000000000000000000000000000000000000000000000000000000000001
Clade List (<taxon members> = <clade name>): 

>Dataset_0__partition_1
[0,D,0.328465,0000000000000000000000000000000100000000000000000000000000000000000000000000000000000000000000000000000000000000000000000000000000000000000000000000000000000000000000000000000000000000,3,104:105:106]
[1,D,0.410737,0000000000000000000000000000000000000100000000000000000000000000000000000000000000000000000000000000000000000000000000000000000000000000000000000000000000000000000000000000000000000000,3,499:500:501]
[2,D,0.402011,0000000000000000000000000000000000000000000000000111111100000000000000000000000000000000000000000000000000000000000000000000000000000000000000000000000000000000000000000000000000000000,1,647]
[3,D,0.384559,0000000000000000000000000000000000000000000000000000000011111100000000000000000000000000000000000000000000000000000000000000000000000000000000000000000000000000000000000000000000000000,12,65:66:67:68:69:70:71:72:73:74:75:76]
[4,D,0.4151,0000000000000000000000000000000000000000000000000000000000000000010000000000000000000000000000000000000000000000000000000000000000000000000000000000000000000000000000000000000000000000,10,69:70:71:72:73:74:75:76:77:78]
[5,D,0.635115,0000000000000000000000000000000000000000000000000000000000000000000000000000010000000000000000000000000000000000000000000000000000000000000000000000000000000000000000000000000000000000,5,68:69:70:71:72]
[6,I,0.499241,0000000000000000000000000000000000000000000000000000000000000000000000000000000000000000000111111110000000000000000000000000000000000000000000000000000000000000000000000000000000000000,1,50]
[7,I,0.537884,0000000000000000000000000000000000000000000000000000000000000000000000000000000000000000000000000100000000000000000000000000000000000000000000000000000000000000000000000000000000000000,9,241:242:243:244:245:246:247:248:249]
[8,D,0.550973,0000000000000000000000000000000000000000000000000000000000000000000000000000000000000000000000000100000000000000000000000000000000000000000000000000000000000000000000000000000000000000,2,485:486]
[9,D,0.446263,0000000000000000000000000000000000000000000000000000000000000000000000000000000000000000000000000000000010000000000000000000000000000000000000000000000000000000000000000000000000000000,3,635:636:637]
[10,D,0.455612,0000000000000000000000000000000000000000000000000000000000000000000000000000000000000000000000000000000010000000000000000000000000000000000000000000000000000000000000000000000000000000,1,226]
[11,I,0.474311,0000000000000000000000000000000000000000000000000000000000000000000000000000000000000000000000000000000000000000000111100000000000000000000000000000000000000000000000000000000000000000,4,227:228:229:230]
[12,I,0.370224,0000000000000000000000000000000000000000000000000000000000000000000000000000000000000000000000000000000000000000000000000000000000000000000011111110000000000000000000000000000000000000,3,204:205:206]
[13,D,0.339684,0000000000000000000000000000000000000000000000000000000000000000000000000000000000000000000000000000000000000000000000000000000000000000000000000000000000000000000000111100000000000000,1,426]
[14,D,0.374587,0000000000000000000000000000000000000000000000000000000000000000000000000000000000000000000000000000000000000000000000000000000000000000000000000000000000000000000000001000000000000000,2,292:293]
[15,I,0.322232,0000000000000000000000000000000000000000000000000000000000000000000000000000000000000000000000000000000000000000000000000000000000000000000000000000000000000000000000000000100000000000,4,19:20:21:22]
[16,D,0.353396,0000000000000000000000000000000000000000000000000000000000000000000000000000000000000000000000000000000000000000000000000000000000000000000000000000000000000000000000000000100000000000,9,191:192:193:194:195:196:197:198:199]
[17,D,0.285459,0000000000000000000000000000000000000000000000000000000000000000000000000000000000000000000000000000000000000000000000000000000000000000000000000000000000000000000000000000000100000000,4,41:42:43:44]
[18,D,0.0492385,0000000000000000000000000000000000000000000000000000000000000000000000000000000000000000000000000000000000000000000000000000000000000000000000000000000000000000000000000000000000000100,1,165]

GUIDE_TREE_PARTITION1=(((Gracilinanus_agilis:0.0127697,(((Dromiciops_gliroides:0.0100232,(Phascolarctos_cinereus:0.0116844,Vombatus_ursinus:0.0446947):0.00960238):0.0156257,Trichosurus_vulpecula:0.0107478):0.0105828,((((Pteropus_alecto:0.116746,Sarcophilus_harrisii:0.0061088):0.0042239,(((((((Myotis_davidii:2.9495e-06,(Myotis_lucifugus:0.00840255,Desmodus_rotundus:0.00615571):0.00877421):0.0196737,((Miniopterus_natalensis:0.00200107,((((Myotis_myotis:0.00393346,Pipistrellus_kuhlii:1.2966e-06):0.0156257,Propithecus_coquereli:2.2729e-06):0.00960238,Eptesicus_fuscus:0.00197487):0.0156257,Lemur_catta:0.00200968):0.0105828):0.0156257,Molossus_molossus:2.6709e-06):0.0105828):0.0156257,(((((((Otolemur_garnettii:1.2966e-06,Cercocebus_atys:0.00408623):0.0156257,Microcebus_murinus:0.00377399):0.00960238,Macaca_fascicularis:0.00575643):0.0105828,Carlito_syrichta:0.00422681):0.0186572,Phyllostomus_hastatus:0.00434897):0.0128874,(((((Mandrillus_leucophaeus:1.2966e-06,Macaca_nemestrina:0.00977557):0.0156257,Papio_anubis:0.00383177):0.00960238,Macaca_thibetana_thibetana:1.2966e-06):0.0105828,Theropithecus_gelada:1.2966e-06):0.0156257,Macaca_mulatta:1.2966e-06):0.00960238):0.0181567,Phyllostomus_discolor:0.00783559):0.0137216):0.0128874,Myotis_brandtii:0.00384808):0.0105828,Rousettus_aegyptiacus:0.0497522):0.00196123,((Artibeus_jamaicensis:0.0,(((((Vulpes_vulpes:0.00723684,((((((((Saimiri_boliviensis_boliviensis:0.00176906,Callithrix_jacchus:0.00177696):0.0156257,Sapajus_apella:0.00357205):0.0181567,Cricetulus_griseus:0.0171611):0.0106338,((((Trachypithecus_francoisi:0.00178525,Nomascus_leucogenys:0.00538611):0.0156257,Hylobates_moloch:1.2966e-06):0.00960238,(((Peromyscus_californicus_insignis:0.00413749,Peromyscus_maniculatus_bairdii:2.3398e-06):0.0156257,(((Ochotona_curzoniae:2.7651e-06,Oryctolagus_cuniculus:1.2966e-06):0.0156257,(Galeopterus_variegatus:0.00176832,Tupaia_chinensis:0.00906179):0.0105828):0.00960238,Ochotona_princeps:0.00176286):0.0186572):0.00960238,Peromyscus_leucopus:0.00242252):0.00657853):0.0104806,(((((Pan_paniscus:0.0,(Pan_troglodytes:0.0,Aotus_nancymaae:0.0):0.00960238):0.0156257,Pongo_abelii:1.2966e-06):0.0105828,Homo_sapiens:0.0):0.0156257,Gorilla_gorilla_gorilla:1.2966e-06):0.0168419,Cebus_imitator:1.2966e-06):0.0168419):0.00997442):0.00782649,((Chlorocebus_sabaeus:2.4028e-06,Onychomys_torridus:0.038692):0.0168419,(((Rhinopithecus_roxellana:0.00366855,Piliocolobus_tephrosceles:0.00356689):0.0156257,Colobus_angolensis_palliatus:1.2966e-06):0.0156257,Rhinopithecus_bieti:0.0189422):0.0105828):0.0200736):0.00211294,Rhinolophus_ferrumequinum:0.00862792):0.00538252,((((Chrysochloris_asiatica:0.0427856,Dasypus_novemcinctus:0.0974605):0.0156257,Echinops_telfairi:0.0466533):0.0168419,(Phodopus_roborovskii:0.0293025,((((Mus_pahari:0.0374757,Chinchilla_lanigera:0.0566461):0.0203813,((((Microtus_oregoni:0.0164968,((((Myodes_glareolus:0.00878944,(Mus_musculus:0.00952943,Meriones_unguiculatus:0.0221505):0.0156257):0.0156257,Acomys_russatus:0.00786306):0.00960238,Mus_caroli:0.0137644):0.0168419,((Arvicanthis_niloticus:2.8668e-06,(((((Jaculus_jaculus:0.0282882,Rattus_norvegicus:0.0311405):0.0156257,((Castor_canadensis:0.00994547,Dipodomys_ordii:0.00566544):0.0156257,Perognathus_longimembris_pacificus:0.006268):0.00960238):0.00960238,Nannospalax_galili:0.0210878):0.0105828,Rattus_rattus:0.0611281):0.0186572,Dipodomys_spectabilis:0.00721937):0.0168419):0.0105828,((Apodemus_sylvaticus:0.00388734,Grammomys_surdaster:0.0118115):0.0156257,Mastomys_coucha:0.00827383):0.00960238):0.0181567):0.0196737):0.0156257,Microtus_ochrogaster:0.00359947):0.00960238,Microtus_fortis:0.00879291):0.00877421,Octodon_degus:0.062523):0.0106338):0.0137216,((((((Elephas_maximus_indicus:0.0337415,((((((Fukomys_damarensis:2.6891e-06,(Heterocephalus_glaber:0.00502965,Ictidomys_tridecemlineatus:0.00171062):0.00960238):0.0156257,Cavia_porcellus:0.015368):0.0156257,Marmota_flaviventris:0.0322342):0.0168419,Urocitellus_parryii:0.00167262):0.0156257,Marmota_monax:0.0840383):0.00960238,Marmota_marmota_marmota:0.0517007):0.0168419):0.0156257,Orycteropus_afer_afer:0.00617624):0.0104806,Trichechus_manatus_latirostris:0.0398696):0.0156257,Elephantulus_edwardii:0.00364251):0.00960238,Loxodonta_africana:0.0103046):0.0116221,Mesocricetus_auratus:0.0202202):0.00313382):0.0114256,Arvicola_amphibius:0.0525727):0.00960238):0.0156257):0.0196737,(((Bos_taurus:0.002463,Choloepus_didactylus:0.0656231):0.00960238,(Bos_mutus:0.00137582,Bos_indicus:0.0417195):0.0156257):0.0156257,Bubalus_bubalis:0.0561227):0.0186572):0.00534101):0.00236713,((Ovis_aries:0.114359,(((((Physeter_catodon:2.8381e-06,(((Lagenorhynchus_obliquidens:0.00347064,(Oryx_dammah:2.4469e-06,Delphinapterus_leucas:0.026499):0.0144902):0.0168419,(((Neophocaena_asiaeorientalis_asiaeorientalis:0.00353755,Tursiops_truncatus:0.0133637):0.0156257,Phocoena_sinus:0.00866085):0.0156257,Orcinus_orca:0.0256794):0.0105828):0.0186572,(((Balaenoptera_musculus:0.0106526,(Cervus_elaphus:0.00167977,Odocoileus_virginianus_texanus:1.2966e-06):0.0156257):0.0156257,Balaenoptera_acutorostrata_scammoni:0.0103189):0.00960238,Cervus_canadensis:0.00167565):0.0105828):0.0196737):0.0105828,((Globicephala_melas:0.00166974,Camelus_bactrianus:0.0136149):0.0156257,Lipotes_vexillifer:0.0017005):0.00960238):0.00997442,(((Camelus_dromedarius:0.0121206,(((Vicugna_pacos:1.2966e-06,Equus_asinus:1.2966e-06):0.0156257,Sus_scrofa:0.00169642):0.0156257,Ceratotherium_simum_simum:1.2966e-06):0.0105828):0.0156257,Camelus_ferus:0.0261037):0.0168419,Equus_quagga:0.020151):0.012227):0.00183178,Budorcas_taxicolor:0.0605953):0.0114256,Monodon_monoceros:0.0223185):0.00960238):0.0156257,Capra_hircus:0.0648993):0.00394842):2.388e-06):0.0156257,Vulpes_lagopus:2.7334e-06):0.0181567,(((Hyaena_hyaena:1.2966e-06,Ursus_arctos:0.0283984):0.0196737,((((((Lynx_canadensis:0.00183566,Felis_catus:0.00373546):0.0156257,Panthera_tigris:0.00372075):0.00960238,Panthera_uncia:2.8319e-06):0.0156257,Suricata_suricatta:0.00187054):0.0168419,Panthera_pardus:0.00182465):0.0144902,Leopardus_geoffroyi:0.00184139):0.0156257):0.0156257,Canis_lupus_dingo:0.0377915):0.0104806):0.0179111,(((Mirounga_leonina:2.8469e-06,((((Equus_przewalskii:2.4393e-06,Equus_caballus:2.8363e-06):0.0156257,Manis_pentadactyla:0.00391321):0.00960238,Zalophus_californianus:0.0173428):0.0181567,((Callorhinus_ursinus:1.2966e-06,(Meles_meles:0.0156933,((Neogale_vison:0.00194252,Manis_javanica:2.568e-06):0.0168419,((Lontra_canadensis:0.0019577,Enhydra_lutris_kenyoni:1.2966e-06):0.00960238,(Mustela_erminea:0.00394859,Mustela_putorius_furo:0.00197691):0.0156257):0.0156257):0.0105828):0.00960238):0.0156257,Eumetopias_jubatus:2.2817e-06):0.00877421):0.0144902):0.0168419,(Neomonachus_schauinslandi:0.00201546,((Ursus_maritimus:0.0117776,Ailuropoda_melanoleuca:0.0031501):0.0156257,Ursus_americanus:0.00316667):0.00960238):0.0156257):0.0234559,(((Leptonychotes_weddellii:0.00188733,(Mirounga_angustirostris:1.2966e-06,Odobenus_rosmarus_divergens:0.0103376):0.00960238):0.0156257,Phoca_vitulina:0.00368762):0.0105828,Halichoerus_grypus:0.00187443):0.0168419):0.00167608):0.0111993,(Pteropus_giganteus:0.102515,Pteropus_vampyrus:0.0638776):0.00254371):0.00542209):0.00960238,(Hipposideros_armiger:0.0,Sturnira_hondurensis:1.2966e-06):0.0156257):0.00782649):0.0156257,Talpa_occidentalis:0.0683024):0.00960238):0.0156257,Antechinus_flavipes:0.0534863):0.163801,(((Erinaceus_europaeus:0.00288566,Condylura_cristata:0.0177651):0.0156257,Sorex_araneus:0.00933119):0.0156257,Suncus_etruscus:0.0221908):0.0446008):0.0196737):0.0144902):0.0156257,Monodelphis_domestica:0.026304):0.0247839,(Prionailurus_bengalensis:0.00876202,Puma_concolor:0.0125201):0.0156257);
