Taxa bit representation:
Condylura_cristata 1000000000000000000000000000000000000000000000000000000000000000000000000000000000000000000000000000000000000000000000000000000000000000000000000000000000000000000000000000000000000000
Sorex_araneus 0100000000000000000000000000000000000000000000000000000000000000000000000000000000000000000000000000000000000000000000000000000000000000000000000000000000000000000000000000000000000000
Vombatus_ursinus 0010000000000000000000000000000000000000000000000000000000000000000000000000000000000000000000000000000000000000000000000000000000000000000000000000000000000000000000000000000000000000
Erinaceus_europaeus 0001000000000000000000000000000000000000000000000000000000000000000000000000000000000000000000000000000000000000000000000000000000000000000000000000000000000000000000000000000000000000
Antechinus_flavipes 0000100000000000000000000000000000000000000000000000000000000000000000000000000000000000000000000000000000000000000000000000000000000000000000000000000000000000000000000000000000000000
Dromiciops_gliroides 0000010000000000000000000000000000000000000000000000000000000000000000000000000000000000000000000000000000000000000000000000000000000000000000000000000000000000000000000000000000000000
Monodelphis_domestica 0000001000000000000000000000000000000000000000000000000000000000000000000000000000000000000000000000000000000000000000000000000000000000000000000000000000000000000000000000000000000000
Trichosurus_vulpecula 0000000100000000000000000000000000000000000000000000000000000000000000000000000000000000000000000000000000000000000000000000000000000000000000000000000000000000000000000000000000000000
Phascolarctos_cinereus 0000000010000000000000000000000000000000000000000000000000000000000000000000000000000000000000000000000000000000000000000000000000000000000000000000000000000000000000000000000000000000
Gracilinanus_agilis 0000000001000000000000000000000000000000000000000000000000000000000000000000000000000000000000000000000000000000000000000000000000000000000000000000000000000000000000000000000000000000
Sarcophilus_harrisii 0000000000100000000000000000000000000000000000000000000000000000000000000000000000000000000000000000000000000000000000000000000000000000000000000000000000000000000000000000000000000000
Phyllostomus_hastatus 0000000000010000000000000000000000000000000000000000000000000000000000000000000000000000000000000000000000000000000000000000000000000000000000000000000000000000000000000000000000000000
Suncus_etruscus 0000000000001000000000000000000000000000000000000000000000000000000000000000000000000000000000000000000000000000000000000000000000000000000000000000000000000000000000000000000000000000
Desmodus_rotundus 0000000000000100000000000000000000000000000000000000000000000000000000000000000000000000000000000000000000000000000000000000000000000000000000000000000000000000000000000000000000000000
Otolemur_garnettii 0000000000000010000000000000000000000000000000000000000000000000000000000000000000000000000000000000000000000000000000000000000000000000000000000000000000000000000000000000000000000000
Carlito_syrichta 0000000000000001000000000000000000000000000000000000000000000000000000000000000000000000000000000000000000000000000000000000000000000000000000000000000000000000000000000000000000000000
Artibeus_jamaicensis 0000000000000000100000000000000000000000000000000000000000000000000000000000000000000000000000000000000000000000000000000000000000000000000000000000000000000000000000000000000000000000
Sturnira_hondurensis 0000000000000000010000000000000000000000000000000000000000000000000000000000000000000000000000000000000000000000000000000000000000000000000000000000000000000000000000000000000000000000
Rhinolophus_ferrumequinum 0000000000000000001000000000000000000000000000000000000000000000000000000000000000000000000000000000000000000000000000000000000000000000000000000000000000000000000000000000000000000000
Hipposideros_armiger 0000000000000000000100000000000000000000000000000000000000000000000000000000000000000000000000000000000000000000000000000000000000000000000000000000000000000000000000000000000000000000
Phyllostomus_discolor 0000000000000000000010000000000000000000000000000000000000000000000000000000000000000000000000000000000000000000000000000000000000000000000000000000000000000000000000000000000000000000
Microcebus_murinus 0000000000000000000001000000000000000000000000000000000000000000000000000000000000000000000000000000000000000000000000000000000000000000000000000000000000000000000000000000000000000000
Mandrillus_leucophaeus 0000000000000000000000100000000000000000000000000000000000000000000000000000000000000000000000000000000000000000000000000000000000000000000000000000000000000000000000000000000000000000
Macaca_nemestrina 0000000000000000000000010000000000000000000000000000000000000000000000000000000000000000000000000000000000000000000000000000000000000000000000000000000000000000000000000000000000000000
Macaca_mulatta 0000000000000000000000001000000000000000000000000000000000000000000000000000000000000000000000000000000000000000000000000000000000000000000000000000000000000000000000000000000000000000
Papio_anubis 0000000000000000000000000100000000000000000000000000000000000000000000000000000000000000000000000000000000000000000000000000000000000000000000000000000000000000000000000000000000000000
Theropithecus_gelada 0000000000000000000000000010000000000000000000000000000000000000000000000000000000000000000000000000000000000000000000000000000000000000000000000000000000000000000000000000000000000000
Macaca_thibetana_thibetana 0000000000000000000000000001000000000000000000000000000000000000000000000000000000000000000000000000000000000000000000000000000000000000000000000000000000000000000000000000000000000000
Cercocebus_atys 0000000000000000000000000000100000000000000000000000000000000000000000000000000000000000000000000000000000000000000000000000000000000000000000000000000000000000000000000000000000000000
Macaca_fascicularis 0000000000000000000000000000010000000000000000000000000000000000000000000000000000000000000000000000000000000000000000000000000000000000000000000000000000000000000000000000000000000000
Molossus_molossus 0000000000000000000000000000001000000000000000000000000000000000000000000000000000000000000000000000000000000000000000000000000000000000000000000000000000000000000000000000000000000000
Pipistrellus_kuhlii 0000000000000000000000000000000100000000000000000000000000000000000000000000000000000000000000000000000000000000000000000000000000000000000000000000000000000000000000000000000000000000
Myotis_davidii 0000000000000000000000000000000010000000000000000000000000000000000000000000000000000000000000000000000000000000000000000000000000000000000000000000000000000000000000000000000000000000
Propithecus_coquereli 0000000000000000000000000000000001000000000000000000000000000000000000000000000000000000000000000000000000000000000000000000000000000000000000000000000000000000000000000000000000000000
Miniopterus_natalensis 0000000000000000000000000000000000100000000000000000000000000000000000000000000000000000000000000000000000000000000000000000000000000000000000000000000000000000000000000000000000000000
Lemur_catta 0000000000000000000000000000000000010000000000000000000000000000000000000000000000000000000000000000000000000000000000000000000000000000000000000000000000000000000000000000000000000000
Myotis_brandtii 0000000000000000000000000000000000001000000000000000000000000000000000000000000000000000000000000000000000000000000000000000000000000000000000000000000000000000000000000000000000000000
Myotis_myotis 0000000000000000000000000000000000000100000000000000000000000000000000000000000000000000000000000000000000000000000000000000000000000000000000000000000000000000000000000000000000000000
Myotis_lucifugus 0000000000000000000000000000000000000010000000000000000000000000000000000000000000000000000000000000000000000000000000000000000000000000000000000000000000000000000000000000000000000000
Eptesicus_fuscus 0000000000000000000000000000000000000001000000000000000000000000000000000000000000000000000000000000000000000000000000000000000000000000000000000000000000000000000000000000000000000000
Talpa_occidentalis 0000000000000000000000000000000000000000100000000000000000000000000000000000000000000000000000000000000000000000000000000000000000000000000000000000000000000000000000000000000000000000
Equus_przewalskii 0000000000000000000000000000000000000000010000000000000000000000000000000000000000000000000000000000000000000000000000000000000000000000000000000000000000000000000000000000000000000000
Capra_hircus 0000000000000000000000000000000000000000001000000000000000000000000000000000000000000000000000000000000000000000000000000000000000000000000000000000000000000000000000000000000000000000
Budorcas_taxicolor 0000000000000000000000000000000000000000000100000000000000000000000000000000000000000000000000000000000000000000000000000000000000000000000000000000000000000000000000000000000000000000
Camelus_ferus 0000000000000000000000000000000000000000000010000000000000000000000000000000000000000000000000000000000000000000000000000000000000000000000000000000000000000000000000000000000000000000
Chrysochloris_asiatica 0000000000000000000000000000000000000000000001000000000000000000000000000000000000000000000000000000000000000000000000000000000000000000000000000000000000000000000000000000000000000000
Bubalus_bubalis 0000000000000000000000000000000000000000000000100000000000000000000000000000000000000000000000000000000000000000000000000000000000000000000000000000000000000000000000000000000000000000
Echinops_telfairi 0000000000000000000000000000000000000000000000010000000000000000000000000000000000000000000000000000000000000000000000000000000000000000000000000000000000000000000000000000000000000000
Lagenorhynchus_obliquidens 0000000000000000000000000000000000000000000000001000000000000000000000000000000000000000000000000000000000000000000000000000000000000000000000000000000000000000000000000000000000000000
Neophocaena_asiaeorientalis_asiaeorientalis 0000000000000000000000000000000000000000000000000100000000000000000000000000000000000000000000000000000000000000000000000000000000000000000000000000000000000000000000000000000000000000
Tursiops_truncatus 0000000000000000000000000000000000000000000000000010000000000000000000000000000000000000000000000000000000000000000000000000000000000000000000000000000000000000000000000000000000000000
Orcinus_orca 0000000000000000000000000000000000000000000000000001000000000000000000000000000000000000000000000000000000000000000000000000000000000000000000000000000000000000000000000000000000000000
Balaenoptera_musculus 0000000000000000000000000000000000000000000000000000100000000000000000000000000000000000000000000000000000000000000000000000000000000000000000000000000000000000000000000000000000000000
Sus_scrofa 0000000000000000000000000000000000000000000000000000010000000000000000000000000000000000000000000000000000000000000000000000000000000000000000000000000000000000000000000000000000000000
Equus_quagga 0000000000000000000000000000000000000000000000000000001000000000000000000000000000000000000000000000000000000000000000000000000000000000000000000000000000000000000000000000000000000000
Globicephala_melas 0000000000000000000000000000000000000000000000000000000100000000000000000000000000000000000000000000000000000000000000000000000000000000000000000000000000000000000000000000000000000000
Camelus_bactrianus 0000000000000000000000000000000000000000000000000000000010000000000000000000000000000000000000000000000000000000000000000000000000000000000000000000000000000000000000000000000000000000
Lipotes_vexillifer 0000000000000000000000000000000000000000000000000000000001000000000000000000000000000000000000000000000000000000000000000000000000000000000000000000000000000000000000000000000000000000
Equus_asinus 0000000000000000000000000000000000000000000000000000000000100000000000000000000000000000000000000000000000000000000000000000000000000000000000000000000000000000000000000000000000000000
Vicugna_pacos 0000000000000000000000000000000000000000000000000000000000010000000000000000000000000000000000000000000000000000000000000000000000000000000000000000000000000000000000000000000000000000
Ceratotherium_simum_simum 0000000000000000000000000000000000000000000000000000000000001000000000000000000000000000000000000000000000000000000000000000000000000000000000000000000000000000000000000000000000000000
Physeter_catodon 0000000000000000000000000000000000000000000000000000000000000100000000000000000000000000000000000000000000000000000000000000000000000000000000000000000000000000000000000000000000000000
Cervus_canadensis 0000000000000000000000000000000000000000000000000000000000000010000000000000000000000000000000000000000000000000000000000000000000000000000000000000000000000000000000000000000000000000
Balaenoptera_acutorostrata_scammoni 0000000000000000000000000000000000000000000000000000000000000001000000000000000000000000000000000000000000000000000000000000000000000000000000000000000000000000000000000000000000000000
Cervus_elaphus 0000000000000000000000000000000000000000000000000000000000000000100000000000000000000000000000000000000000000000000000000000000000000000000000000000000000000000000000000000000000000000
Odocoileus_virginianus_texanus 0000000000000000000000000000000000000000000000000000000000000000010000000000000000000000000000000000000000000000000000000000000000000000000000000000000000000000000000000000000000000000
Oryx_dammah 0000000000000000000000000000000000000000000000000000000000000000001000000000000000000000000000000000000000000000000000000000000000000000000000000000000000000000000000000000000000000000
Delphinapterus_leucas 0000000000000000000000000000000000000000000000000000000000000000000100000000000000000000000000000000000000000000000000000000000000000000000000000000000000000000000000000000000000000000
Monodon_monoceros 0000000000000000000000000000000000000000000000000000000000000000000010000000000000000000000000000000000000000000000000000000000000000000000000000000000000000000000000000000000000000000
Phocoena_sinus 0000000000000000000000000000000000000000000000000000000000000000000001000000000000000000000000000000000000000000000000000000000000000000000000000000000000000000000000000000000000000000
Bos_taurus 0000000000000000000000000000000000000000000000000000000000000000000000100000000000000000000000000000000000000000000000000000000000000000000000000000000000000000000000000000000000000000
Bos_indicus 0000000000000000000000000000000000000000000000000000000000000000000000010000000000000000000000000000000000000000000000000000000000000000000000000000000000000000000000000000000000000000
Dasypus_novemcinctus 0000000000000000000000000000000000000000000000000000000000000000000000001000000000000000000000000000000000000000000000000000000000000000000000000000000000000000000000000000000000000000
Bos_mutus 0000000000000000000000000000000000000000000000000000000000000000000000000100000000000000000000000000000000000000000000000000000000000000000000000000000000000000000000000000000000000000
Chlorocebus_sabaeus 0000000000000000000000000000000000000000000000000000000000000000000000000010000000000000000000000000000000000000000000000000000000000000000000000000000000000000000000000000000000000000
Rhinopithecus_roxellana 0000000000000000000000000000000000000000000000000000000000000000000000000001000000000000000000000000000000000000000000000000000000000000000000000000000000000000000000000000000000000000
Piliocolobus_tephrosceles 0000000000000000000000000000000000000000000000000000000000000000000000000000100000000000000000000000000000000000000000000000000000000000000000000000000000000000000000000000000000000000
Cricetulus_griseus 0000000000000000000000000000000000000000000000000000000000000000000000000000010000000000000000000000000000000000000000000000000000000000000000000000000000000000000000000000000000000000
Loxodonta_africana 0000000000000000000000000000000000000000000000000000000000000000000000000000001000000000000000000000000000000000000000000000000000000000000000000000000000000000000000000000000000000000
Phodopus_roborovskii 0000000000000000000000000000000000000000000000000000000000000000000000000000000100000000000000000000000000000000000000000000000000000000000000000000000000000000000000000000000000000000
Mesocricetus_auratus 0000000000000000000000000000000000000000000000000000000000000000000000000000000010000000000000000000000000000000000000000000000000000000000000000000000000000000000000000000000000000000
Colobus_angolensis_palliatus 0000000000000000000000000000000000000000000000000000000000000000000000000000000001000000000000000000000000000000000000000000000000000000000000000000000000000000000000000000000000000000
Peromyscus_maniculatus_bairdii 0000000000000000000000000000000000000000000000000000000000000000000000000000000000100000000000000000000000000000000000000000000000000000000000000000000000000000000000000000000000000000
Saimiri_boliviensis_boliviensis 0000000000000000000000000000000000000000000000000000000000000000000000000000000000010000000000000000000000000000000000000000000000000000000000000000000000000000000000000000000000000000
Rhinopithecus_bieti 0000000000000000000000000000000000000000000000000000000000000000000000000000000000001000000000000000000000000000000000000000000000000000000000000000000000000000000000000000000000000000
Sapajus_apella 0000000000000000000000000000000000000000000000000000000000000000000000000000000000000100000000000000000000000000000000000000000000000000000000000000000000000000000000000000000000000000
Pan_paniscus 0000000000000000000000000000000000000000000000000000000000000000000000000000000000000010000000000000000000000000000000000000000000000000000000000000000000000000000000000000000000000000
Pan_troglodytes 0000000000000000000000000000000000000000000000000000000000000000000000000000000000000001000000000000000000000000000000000000000000000000000000000000000000000000000000000000000000000000
Aotus_nancymaae 0000000000000000000000000000000000000000000000000000000000000000000000000000000000000000100000000000000000000000000000000000000000000000000000000000000000000000000000000000000000000000
Trachypithecus_francoisi 0000000000000000000000000000000000000000000000000000000000000000000000000000000000000000010000000000000000000000000000000000000000000000000000000000000000000000000000000000000000000000
Callithrix_jacchus 0000000000000000000000000000000000000000000000000000000000000000000000000000000000000000001000000000000000000000000000000000000000000000000000000000000000000000000000000000000000000000
Gorilla_gorilla_gorilla 0000000000000000000000000000000000000000000000000000000000000000000000000000000000000000000100000000000000000000000000000000000000000000000000000000000000000000000000000000000000000000
Nomascus_leucogenys 0000000000000000000000000000000000000000000000000000000000000000000000000000000000000000000010000000000000000000000000000000000000000000000000000000000000000000000000000000000000000000
Hylobates_moloch 0000000000000000000000000000000000000000000000000000000000000000000000000000000000000000000001000000000000000000000000000000000000000000000000000000000000000000000000000000000000000000
Pongo_abelii 0000000000000000000000000000000000000000000000000000000000000000000000000000000000000000000000100000000000000000000000000000000000000000000000000000000000000000000000000000000000000000
Homo_sapiens 0000000000000000000000000000000000000000000000000000000000000000000000000000000000000000000000010000000000000000000000000000000000000000000000000000000000000000000000000000000000000000
Cebus_imitator 0000000000000000000000000000000000000000000000000000000000000000000000000000000000000000000000001000000000000000000000000000000000000000000000000000000000000000000000000000000000000000
Tupaia_chinensis 0000000000000000000000000000000000000000000000000000000000000000000000000000000000000000000000000100000000000000000000000000000000000000000000000000000000000000000000000000000000000000
Ochotona_princeps 0000000000000000000000000000000000000000000000000000000000000000000000000000000000000000000000000010000000000000000000000000000000000000000000000000000000000000000000000000000000000000
Peromyscus_leucopus 0000000000000000000000000000000000000000000000000000000000000000000000000000000000000000000000000001000000000000000000000000000000000000000000000000000000000000000000000000000000000000
Galeopterus_variegatus 0000000000000000000000000000000000000000000000000000000000000000000000000000000000000000000000000000100000000000000000000000000000000000000000000000000000000000000000000000000000000000
Peromyscus_californicus_insignis 0000000000000000000000000000000000000000000000000000000000000000000000000000000000000000000000000000010000000000000000000000000000000000000000000000000000000000000000000000000000000000
Ochotona_curzoniae 0000000000000000000000000000000000000000000000000000000000000000000000000000000000000000000000000000001000000000000000000000000000000000000000000000000000000000000000000000000000000000
Oryctolagus_cuniculus 0000000000000000000000000000000000000000000000000000000000000000000000000000000000000000000000000000000100000000000000000000000000000000000000000000000000000000000000000000000000000000
Onychomys_torridus 0000000000000000000000000000000000000000000000000000000000000000000000000000000000000000000000000000000010000000000000000000000000000000000000000000000000000000000000000000000000000000
Choloepus_didactylus 0000000000000000000000000000000000000000000000000000000000000000000000000000000000000000000000000000000001000000000000000000000000000000000000000000000000000000000000000000000000000000
Marmota_monax 0000000000000000000000000000000000000000000000000000000000000000000000000000000000000000000000000000000000100000000000000000000000000000000000000000000000000000000000000000000000000000
Trichechus_manatus_latirostris 0000000000000000000000000000000000000000000000000000000000000000000000000000000000000000000000000000000000010000000000000000000000000000000000000000000000000000000000000000000000000000
Fukomys_damarensis 0000000000000000000000000000000000000000000000000000000000000000000000000000000000000000000000000000000000001000000000000000000000000000000000000000000000000000000000000000000000000000
Myodes_glareolus 0000000000000000000000000000000000000000000000000000000000000000000000000000000000000000000000000000000000000100000000000000000000000000000000000000000000000000000000000000000000000000
Arvicola_amphibius 0000000000000000000000000000000000000000000000000000000000000000000000000000000000000000000000000000000000000010000000000000000000000000000000000000000000000000000000000000000000000000
Microtus_oregoni 0000000000000000000000000000000000000000000000000000000000000000000000000000000000000000000000000000000000000001000000000000000000000000000000000000000000000000000000000000000000000000
Microtus_fortis 0000000000000000000000000000000000000000000000000000000000000000000000000000000000000000000000000000000000000000100000000000000000000000000000000000000000000000000000000000000000000000
Acomys_russatus 0000000000000000000000000000000000000000000000000000000000000000000000000000000000000000000000000000000000000000010000000000000000000000000000000000000000000000000000000000000000000000
Microtus_ochrogaster 0000000000000000000000000000000000000000000000000000000000000000000000000000000000000000000000000000000000000000001000000000000000000000000000000000000000000000000000000000000000000000
Perognathus_longimembris_pacificus 0000000000000000000000000000000000000000000000000000000000000000000000000000000000000000000000000000000000000000000100000000000000000000000000000000000000000000000000000000000000000000
Nannospalax_galili 0000000000000000000000000000000000000000000000000000000000000000000000000000000000000000000000000000000000000000000010000000000000000000000000000000000000000000000000000000000000000000
Dipodomys_ordii 0000000000000000000000000000000000000000000000000000000000000000000000000000000000000000000000000000000000000000000001000000000000000000000000000000000000000000000000000000000000000000
Jaculus_jaculus 0000000000000000000000000000000000000000000000000000000000000000000000000000000000000000000000000000000000000000000000100000000000000000000000000000000000000000000000000000000000000000
Rattus_norvegicus 0000000000000000000000000000000000000000000000000000000000000000000000000000000000000000000000000000000000000000000000010000000000000000000000000000000000000000000000000000000000000000
Castor_canadensis 0000000000000000000000000000000000000000000000000000000000000000000000000000000000000000000000000000000000000000000000001000000000000000000000000000000000000000000000000000000000000000
Apodemus_sylvaticus 0000000000000000000000000000000000000000000000000000000000000000000000000000000000000000000000000000000000000000000000000100000000000000000000000000000000000000000000000000000000000000
Rattus_rattus 0000000000000000000000000000000000000000000000000000000000000000000000000000000000000000000000000000000000000000000000000010000000000000000000000000000000000000000000000000000000000000
Arvicanthis_niloticus 0000000000000000000000000000000000000000000000000000000000000000000000000000000000000000000000000000000000000000000000000001000000000000000000000000000000000000000000000000000000000000
Grammomys_surdaster 0000000000000000000000000000000000000000000000000000000000000000000000000000000000000000000000000000000000000000000000000000100000000000000000000000000000000000000000000000000000000000
Mus_musculus 0000000000000000000000000000000000000000000000000000000000000000000000000000000000000000000000000000000000000000000000000000010000000000000000000000000000000000000000000000000000000000
Mus_pahari 0000000000000000000000000000000000000000000000000000000000000000000000000000000000000000000000000000000000000000000000000000001000000000000000000000000000000000000000000000000000000000
Mus_caroli 0000000000000000000000000000000000000000000000000000000000000000000000000000000000000000000000000000000000000000000000000000000100000000000000000000000000000000000000000000000000000000
Meriones_unguiculatus 0000000000000000000000000000000000000000000000000000000000000000000000000000000000000000000000000000000000000000000000000000000010000000000000000000000000000000000000000000000000000000
Mastomys_coucha 0000000000000000000000000000000000000000000000000000000000000000000000000000000000000000000000000000000000000000000000000000000001000000000000000000000000000000000000000000000000000000
Dipodomys_spectabilis 0000000000000000000000000000000000000000000000000000000000000000000000000000000000000000000000000000000000000000000000000000000000100000000000000000000000000000000000000000000000000000
Chinchilla_lanigera 0000000000000000000000000000000000000000000000000000000000000000000000000000000000000000000000000000000000000000000000000000000000010000000000000000000000000000000000000000000000000000
Cavia_porcellus 0000000000000000000000000000000000000000000000000000000000000000000000000000000000000000000000000000000000000000000000000000000000001000000000000000000000000000000000000000000000000000
Ictidomys_tridecemlineatus 0000000000000000000000000000000000000000000000000000000000000000000000000000000000000000000000000000000000000000000000000000000000000100000000000000000000000000000000000000000000000000
Heterocephalus_glaber 0000000000000000000000000000000000000000000000000000000000000000000000000000000000000000000000000000000000000000000000000000000000000010000000000000000000000000000000000000000000000000
Urocitellus_parryii 0000000000000000000000000000000000000000000000000000000000000000000000000000000000000000000000000000000000000000000000000000000000000001000000000000000000000000000000000000000000000000
Octodon_degus 0000000000000000000000000000000000000000000000000000000000000000000000000000000000000000000000000000000000000000000000000000000000000000100000000000000000000000000000000000000000000000
Elephas_maximus_indicus 0000000000000000000000000000000000000000000000000000000000000000000000000000000000000000000000000000000000000000000000000000000000000000010000000000000000000000000000000000000000000000
Orycteropus_afer_afer 0000000000000000000000000000000000000000000000000000000000000000000000000000000000000000000000000000000000000000000000000000000000000000001000000000000000000000000000000000000000000000
Marmota_flaviventris 0000000000000000000000000000000000000000000000000000000000000000000000000000000000000000000000000000000000000000000000000000000000000000000100000000000000000000000000000000000000000000
Marmota_marmota_marmota 0000000000000000000000000000000000000000000000000000000000000000000000000000000000000000000000000000000000000000000000000000000000000000000010000000000000000000000000000000000000000000
Elephantulus_edwardii 0000000000000000000000000000000000000000000000000000000000000000000000000000000000000000000000000000000000000000000000000000000000000000000001000000000000000000000000000000000000000000
Camelus_dromedarius 0000000000000000000000000000000000000000000000000000000000000000000000000000000000000000000000000000000000000000000000000000000000000000000000100000000000000000000000000000000000000000
Pteropus_giganteus 0000000000000000000000000000000000000000000000000000000000000000000000000000000000000000000000000000000000000000000000000000000000000000000000010000000000000000000000000000000000000000
Pteropus_vampyrus 0000000000000000000000000000000000000000000000000000000000000000000000000000000000000000000000000000000000000000000000000000000000000000000000001000000000000000000000000000000000000000
Ovis_aries 0000000000000000000000000000000000000000000000000000000000000000000000000000000000000000000000000000000000000000000000000000000000000000000000000100000000000000000000000000000000000000
Manis_javanica 0000000000000000000000000000000000000000000000000000000000000000000000000000000000000000000000000000000000000000000000000000000000000000000000000010000000000000000000000000000000000000
Equus_caballus 0000000000000000000000000000000000000000000000000000000000000000000000000000000000000000000000000000000000000000000000000000000000000000000000000001000000000000000000000000000000000000
Manis_pentadactyla 0000000000000000000000000000000000000000000000000000000000000000000000000000000000000000000000000000000000000000000000000000000000000000000000000000100000000000000000000000000000000000
Neogale_vison 0000000000000000000000000000000000000000000000000000000000000000000000000000000000000000000000000000000000000000000000000000000000000000000000000000010000000000000000000000000000000000
Mustela_erminea 0000000000000000000000000000000000000000000000000000000000000000000000000000000000000000000000000000000000000000000000000000000000000000000000000000001000000000000000000000000000000000
Enhydra_lutris_kenyoni 0000000000000000000000000000000000000000000000000000000000000000000000000000000000000000000000000000000000000000000000000000000000000000000000000000000100000000000000000000000000000000
Vulpes_vulpes 0000000000000000000000000000000000000000000000000000000000000000000000000000000000000000000000000000000000000000000000000000000000000000000000000000000010000000000000000000000000000000
Ailuropoda_melanoleuca 0000000000000000000000000000000000000000000000000000000000000000000000000000000000000000000000000000000000000000000000000000000000000000000000000000000001000000000000000000000000000000
Hyaena_hyaena 0000000000000000000000000000000000000000000000000000000000000000000000000000000000000000000000000000000000000000000000000000000000000000000000000000000000100000000000000000000000000000
Ursus_arctos 0000000000000000000000000000000000000000000000000000000000000000000000000000000000000000000000000000000000000000000000000000000000000000000000000000000000010000000000000000000000000000
Felis_catus 0000000000000000000000000000000000000000000000000000000000000000000000000000000000000000000000000000000000000000000000000000000000000000000000000000000000001000000000000000000000000000
Suricata_suricatta 0000000000000000000000000000000000000000000000000000000000000000000000000000000000000000000000000000000000000000000000000000000000000000000000000000000000000100000000000000000000000000
Lynx_canadensis 0000000000000000000000000000000000000000000000000000000000000000000000000000000000000000000000000000000000000000000000000000000000000000000000000000000000000010000000000000000000000000
Panthera_pardus 0000000000000000000000000000000000000000000000000000000000000000000000000000000000000000000000000000000000000000000000000000000000000000000000000000000000000001000000000000000000000000
Leopardus_geoffroyi 0000000000000000000000000000000000000000000000000000000000000000000000000000000000000000000000000000000000000000000000000000000000000000000000000000000000000000100000000000000000000000
Panthera_tigris 0000000000000000000000000000000000000000000000000000000000000000000000000000000000000000000000000000000000000000000000000000000000000000000000000000000000000000010000000000000000000000
Panthera_uncia 0000000000000000000000000000000000000000000000000000000000000000000000000000000000000000000000000000000000000000000000000000000000000000000000000000000000000000001000000000000000000000
Canis_lupus_dingo 0000000000000000000000000000000000000000000000000000000000000000000000000000000000000000000000000000000000000000000000000000000000000000000000000000000000000000000100000000000000000000
Ursus_maritimus 0000000000000000000000000000000000000000000000000000000000000000000000000000000000000000000000000000000000000000000000000000000000000000000000000000000000000000000010000000000000000000
Mirounga_leonina 0000000000000000000000000000000000000000000000000000000000000000000000000000000000000000000000000000000000000000000000000000000000000000000000000000000000000000000001000000000000000000
Ursus_americanus 0000000000000000000000000000000000000000000000000000000000000000000000000000000000000000000000000000000000000000000000000000000000000000000000000000000000000000000000100000000000000000
Neomonachus_schauinslandi 0000000000000000000000000000000000000000000000000000000000000000000000000000000000000000000000000000000000000000000000000000000000000000000000000000000000000000000000010000000000000000
Callorhinus_ursinus 0000000000000000000000000000000000000000000000000000000000000000000000000000000000000000000000000000000000000000000000000000000000000000000000000000000000000000000000001000000000000000
Meles_meles 0000000000000000000000000000000000000000000000000000000000000000000000000000000000000000000000000000000000000000000000000000000000000000000000000000000000000000000000000100000000000000
Phoca_vitulina 0000000000000000000000000000000000000000000000000000000000000000000000000000000000000000000000000000000000000000000000000000000000000000000000000000000000000000000000000010000000000000
Eumetopias_jubatus 0000000000000000000000000000000000000000000000000000000000000000000000000000000000000000000000000000000000000000000000000000000000000000000000000000000000000000000000000001000000000000
Leptonychotes_weddellii 0000000000000000000000000000000000000000000000000000000000000000000000000000000000000000000000000000000000000000000000000000000000000000000000000000000000000000000000000000100000000000
Mirounga_angustirostris 0000000000000000000000000000000000000000000000000000000000000000000000000000000000000000000000000000000000000000000000000000000000000000000000000000000000000000000000000000010000000000
Halichoerus_grypus 0000000000000000000000000000000000000000000000000000000000000000000000000000000000000000000000000000000000000000000000000000000000000000000000000000000000000000000000000000001000000000
Odobenus_rosmarus_divergens 0000000000000000000000000000000000000000000000000000000000000000000000000000000000000000000000000000000000000000000000000000000000000000000000000000000000000000000000000000000100000000
Zalophus_californianus 0000000000000000000000000000000000000000000000000000000000000000000000000000000000000000000000000000000000000000000000000000000000000000000000000000000000000000000000000000000010000000
Vulpes_lagopus 0000000000000000000000000000000000000000000000000000000000000000000000000000000000000000000000000000000000000000000000000000000000000000000000000000000000000000000000000000000001000000
Lontra_canadensis 0000000000000000000000000000000000000000000000000000000000000000000000000000000000000000000000000000000000000000000000000000000000000000000000000000000000000000000000000000000000100000
Mustela_putorius_furo 0000000000000000000000000000000000000000000000000000000000000000000000000000000000000000000000000000000000000000000000000000000000000000000000000000000000000000000000000000000000010000
Rousettus_aegyptiacus 0000000000000000000000000000000000000000000000000000000000000000000000000000000000000000000000000000000000000000000000000000000000000000000000000000000000000000000000000000000000001000
Pteropus_alecto 0000000000000000000000000000000000000000000000000000000000000000000000000000000000000000000000000000000000000000000000000000000000000000000000000000000000000000000000000000000000000100
Prionailurus_bengalensis 0000000000000000000000000000000000000000000000000000000000000000000000000000000000000000000000000000000000000000000000000000000000000000000000000000000000000000000000000000000000000010
Puma_concolor 0000000000000000000000000000000000000000000000000000000000000000000000000000000000000000000000000000000000000000000000000000000000000000000000000000000000000000000000000000000000000001
Clade List (<taxon members> = <clade name>): 

>Dataset_0__partition_1
[0,I,0.105348,0111111111100000000000000000000000000000000000000000000000000000000000000000000000000000000000000000000000000000000000000000000000000000000000000000000000000000000000000000000000000000,3,1155:1156:1157]
[1,I,0.30738,0010000000000000000000000000000000000000000000000000000000000000000000000000000000000000000000000000000000000000000000000000000000000000000000000000000000000000000000000000000000000000,3,1623:1624:1625]
[2,I,0.294154,0000100000000000000000000000000000000000000000000000000000000000000000000000000000000000000000000000000000000000000000000000000000000000000000000000000000000000000000000000000000000000,4,288:289:290:291]
[3,D,0.115837,0000000000000000000000111111100000000000000000000000000000000000000000000000000000000000000000000000000000000000000000000000000000000000000000000000000000000000000000000000000000000000,3,596:597:598]
[4,I,0.151409,0000000000000000000000111000000000000000000000000000000000000000000000000000000000000000000000000000000000000000000000000000000000000000000000000000000000000000000000000000000000000000,4,1400:1401:1402:1403]
[5,I,0.0570066,0000000000000000000000000000000000000000100000000000000000000000000000000000000000000000000000000000000000000000000000000000000000000000000000000000000000000000000000000000000000000000,1,95]
[6,I,0.0825455,0000000000000000000000000000000000000000100000000000000000000000000000000000000000000000000000000000000000000000000000000000000000000000000000000000000000000000000000000000000000000000,1,1620]
[7,D,0.0871061,0000000000000000000000000000000000000000100000000000000000000000000000000000000000000000000000000000000000000000000000000000000000000000000000000000000000000000000000000000000000000000,3,383:384:385]
[8,I,0.15597,0000000000000000000000000000000000000000000001110000000000000000000000000000000000000000000000000000000000000000000000000000000000000000000000000000000000000000000000000000000000000000,2,1357:1358]
[9,I,0.20796,0000000000000000000000000000000000000000000001000000000000000000000000000000000000000000000000000000000000000000000000000000000000000000000000000000000000000000000000000000000000000000,2,450:451]
[10,I,0.165547,0000000000000000000000000000000000000000000000010000000000000000000000000000000000000000000000000000000000000000000000000000000000000000000000000000000000000000000000000000000000000000,1,1265]
[11,I,0.197927,0000000000000000000000000000000000000000000000001100000000000000000000000000000000000000000000000000000000000000000000000000000000000000000000000000000000000000000000000000000000000000,2,321:322]
[12,D,0.195647,0000000000000000000000000000000000000000000000000000000000000000000000000000000000111111111111111111111110000000000000000000000000000000000000000000000000000000000000000000000000000000,5,1680:1681:1682:1683:1684]
[13,I,0.337479,0000000000000000000000000000000000000000000000000000000000000000000000000000000000000001100000000000000000000000000000000000000000000000000000000000000000000000000000000000000000000000,2,800:801]
[14,D,0.221186,0000000000000000000000000000000000000000000000000000000000000000000000000000000000000000000000000000000010000000000000000000000000000000000000000000000000000000000000000000000000000000,4,737:738:739:740]
[15,I,0.226658,0000000000000000000000000000000000000000000000000000000000000000000000000000000000000000000000000000000000011111111111111111111111111111100000000000000000000000000000000000000000000000,2,454:455]
[16,I,0.30738,0000000000000000000000000000000000000000000000000000000000000000000000000000000000000000000000000000000000000110000000000000000000000000000000000000000000000000000000000000000000000000,1,1216]
[17,I,0.352985,0000000000000000000000000000000000000000000000000000000000000000000000000000000000000000000000000000000000000010000000000000000000000000000000000000000000000000000000000000000000000000,2,472:473]
[18,I,0.343408,0000000000000000000000000000000000000000000000000000000000000000000000000000000000000000000000000000000000000001110000000000000000000000000000000000000000000000000000000000000000000000,1,794]
[19,I,0.267703,0000000000000000000000000000000000000000000000000000000000000000000000000000000000000000000000000000000000000000000000000000000000001111000000000000000000000000000000000000000000000000,7,987:988:989:990:991:992:993]
[20,I,0.245356,0000000000000000000000000000000000000000000000000000000000000000000000000000000000000000000000000000000000000000000000000000000000000000100000000000000000000000000000000000000000000000,3,557:558:559]
[21,I,0.225746,0000000000000000000000000000000000000000000000000000000000000000000000000000000000000000000000000000000000000000000000000000000000000000010000000000000000000000000000000000000000000000,3,1669:1670:1671]
[22,I,0.111277,0000000000000000000000000000000000000000000000000000000000000000000000000000000000000000000000000000000000000000000000000000000000000000000000100000000000000000000000000000000000000000,1,352]
[23,I,0.157338,0000000000000000000000000000000000000000000000000000000000000000000000000000000000000000000000000000000000000000000000000000000000000000000000000100000000000000000000000000000000000000,1,1163]
[24,D,0.171932,0000000000000000000000000000000000000000000000000000000000000000000000000000000000000000000000000000000000000000000000000000000000000000000000000100000000000000000000000000000000000000,1,850]
[25,I,0.123134,0000000000000000000000000000000000000000000000000000000000000000000000000000000000000000000000000000000000000000000000000000000000000000000000000000000011111111111111111111111110000000,1,1693]
[26,I,0.202943,0000000000000000000000000000000000000000000000000000000000000000000000000000000000000000000000000000000000000000000000000000000000000000000000000000000000000000000100000000000000000000,2,1177:1178]
[27,I,0.207048,0000000000000000000000000000000000000000000000000000000000000000000000000000000000000000000000000000000000000000000000000000000000000000000000000000000000000000000000001100000000000000,3,1123:1124:1125]
[28,I,0.180597,0000000000000000000000000000000000000000000000000000000000000000000000000000000000000000000000000000000000000000000000000000000000000000000000000000000000000000000000000000111100000000,10,416:417:418:419:420:421:422:423:424:425]
[29,I,0.195191,0000000000000000000000000000000000000000000000000000000000000000000000000000000000000000000000000000000000000000000000000000000000000000000000000000000000000000000000000000011000000000,3,791:792:793]
[30,D,0.0834576,0000000000000000000000000000000000000000000000000000000000000000000000000000000000000000000000000000000000000000000000000000000000000000000000000000000000000000000000000000000000110000,1,272]
[31,I,0.0542703,0000000000000000000000000000000000000000000000000000000000000000000000000000000000000000000000000000000000000000000000000000000000000000000000000000000000000000000000000000000000001100,9,610:611:612:613:614:615:616:617:618]

GUIDE_TREE_PARTITION1=(((Condylura_cristata:0.0177651,(((Sorex_araneus:0.00933119,Vombatus_ursinus:0.0446947):0.0156257,Erinaceus_europaeus:0.00288566):0.0196737,((Antechinus_flavipes:0.0534863,(((Dromiciops_gliroides:0.0100232,Monodelphis_domestica:0.026304):0.00960238,(Trichosurus_vulpecula:0.0107478,Phascolarctos_cinereus:0.0116844):0.0156257):0.0156257,Gracilinanus_agilis:0.0127697):0.0105828):0.0156257,Sarcophilus_harrisii:0.0061088):0.0144902):0.163801):0.0446008,(((Phyllostomus_hastatus:0.00434897,Suncus_etruscus:0.0221908):0.0111993,((Desmodus_rotundus:0.00615571,((((Otolemur_garnettii:1.2966e-06,Carlito_syrichta:0.00422681):0.0156257,((((Artibeus_jamaicensis:0.0,Sturnira_hondurensis:1.2966e-06):0.0156257,Rhinolophus_ferrumequinum:0.00862792):0.00960238,Hipposideros_armiger:0.0):0.0105828,Phyllostomus_discolor:0.00783559):0.00782649):0.00960238,Microcebus_murinus:0.00377399):0.0128874,((((((Mandrillus_leucophaeus:1.2966e-06,Macaca_nemestrina:0.00977557):0.00960238,Macaca_mulatta:1.2966e-06):0.0105828,(Papio_anubis:0.00383177,Theropithecus_gelada:1.2966e-06):0.0156257):0.0156257,Macaca_thibetana_thibetana:1.2966e-06):0.00960238,Cercocebus_atys:0.00408623):0.0186572,Macaca_fascicularis:0.00575643):0.0105828):0.0137216):0.0128874,((((Molossus_molossus:2.6709e-06,(Pipistrellus_kuhlii:1.2966e-06,Myotis_davidii:2.9495e-06):0.00960238):0.0105828,((Propithecus_coquereli:2.2729e-06,Miniopterus_natalensis:0.00200107):0.0156257,Lemur_catta:0.00200968):0.0156257):0.0105828,Myotis_brandtii:0.00384808):0.00877421,((Myotis_myotis:0.00393346,Myotis_lucifugus:0.00840255):0.0156257,Eptesicus_fuscus:0.00197487):0.0196737):0.0156257):0.0181567):0.0042239,((Talpa_occidentalis:0.0683024,((Equus_przewalskii:2.4393e-06,(((Capra_hircus:0.0648993,(Budorcas_taxicolor:0.0605953,((Camelus_ferus:0.0261037,((((Chrysochloris_asiatica:0.0427856,Bubalus_bubalis:0.0561227):0.0156257,Echinops_telfairi:0.0466533):0.0186572,(((((Lagenorhynchus_obliquidens:0.00347064,Neophocaena_asiaeorientalis_asiaeorientalis:0.00353755):0.0156257,Tursiops_truncatus:0.0133637):0.0156257,Orcinus_orca:0.0256794):0.0105828,((Balaenoptera_musculus:0.0106526,(((Sus_scrofa:0.00169642,(Equus_quagga:0.020151,((Globicephala_melas:0.00166974,Camelus_bactrianus:0.0136149):0.0156257,Lipotes_vexillifer:0.0017005):0.00960238):0.0168419):0.0105828,((Equus_asinus:1.2966e-06,Vicugna_pacos:1.2966e-06):0.0156257,Ceratotherium_simum_simum:1.2966e-06):0.0156257):0.0105828,Physeter_catodon:2.8381e-06):0.00183178):0.0196737,(((Cervus_canadensis:0.00167565,Balaenoptera_acutorostrata_scammoni:0.0103189):0.0105828,((Cervus_elaphus:0.00167977,Odocoileus_virginianus_texanus:1.2966e-06):0.0156257,Oryx_dammah:2.4469e-06):0.00960238):0.0156257,(Delphinapterus_leucas:0.026499,Monodon_monoceros:0.0223185):0.0186572):0.0144902):0.00997442):0.0168419,Phocoena_sinus:0.00866085):0.012227):0.00538252,((((((Bos_taurus:0.002463,Bos_indicus:0.0417195):0.0156257,Dasypus_novemcinctus:0.0974605):0.00960238,Bos_mutus:0.00137582):0.0156257,(((((Chlorocebus_sabaeus:2.4028e-06,Rhinopithecus_roxellana:0.00366855):0.0156257,Piliocolobus_tephrosceles:0.00356689):0.0156257,((Cricetulus_griseus:0.0171611,Loxodonta_africana:0.0103046):0.00960238,(Phodopus_roborovskii:0.0293025,Mesocricetus_auratus:0.0202202):0.0156257):0.00313382):0.0105828,Colobus_angolensis_palliatus:1.2966e-06):0.00782649,(((Peromyscus_maniculatus_bairdii:2.3398e-06,(((Saimiri_boliviensis_boliviensis:0.00176906,Rhinopithecus_bieti:0.0189422):0.00997442,(Sapajus_apella:0.00357205,((((Pan_paniscus:0.0,(Pan_troglodytes:0.0,Aotus_nancymaae:0.0):0.00960238):0.0156257,((Trachypithecus_francoisi:0.00178525,Callithrix_jacchus:0.00177696):0.0168419,(((Gorilla_gorilla_gorilla:1.2966e-06,Nomascus_leucogenys:0.00538611):0.0156257,Hylobates_moloch:1.2966e-06):0.00960238,Pongo_abelii:1.2966e-06):0.0156257):0.0104806):0.0105828,Homo_sapiens:0.0):0.0168419,Cebus_imitator:1.2966e-06):0.0181567):0.0156257):0.00657853,Tupaia_chinensis:0.00906179):0.0106338):0.0186572,((Ochotona_princeps:0.00176286,((Peromyscus_leucopus:0.00242252,Galeopterus_variegatus:0.00176832):0.0156257,Peromyscus_californicus_insignis:0.00413749):0.0105828):0.00960238,(Ochotona_curzoniae:2.7651e-06,Oryctolagus_cuniculus:1.2966e-06):0.0156257):0.00960238):0.0168419,Onychomys_torridus:0.038692):0.0200736):0.00211294):0.0168419,Choloepus_didactylus:0.0656231):0.00534101,(((Marmota_monax:0.0840383,(((Trichechus_manatus_latirostris:0.0398696,(((Fukomys_damarensis:2.6891e-06,(((Myodes_glareolus:0.00878944,Arvicola_amphibius:0.0525727):0.0106338,((((Microtus_oregoni:0.0164968,Microtus_fortis:0.00879291):0.0156257,Acomys_russatus:0.00786306):0.00960238,Microtus_ochrogaster:0.00359947):0.0156257,((((Perognathus_longimembris_pacificus:0.006268,((Nannospalax_galili:0.0210878,Dipodomys_ordii:0.00566544):0.00960238,(Jaculus_jaculus:0.0282882,Rattus_norvegicus:0.0311405):0.0156257):0.00960238):0.0156257,Castor_canadensis:0.00994547):0.0105828,((((Apodemus_sylvaticus:0.00388734,Rattus_rattus:0.0611281):0.00960238,(Arvicanthis_niloticus:2.8668e-06,Grammomys_surdaster:0.0118115):0.0156257):0.0105828,(((Mus_musculus:0.00952943,Mus_pahari:0.0374757):0.0156257,Mus_caroli:0.0137644):0.00960238,Meriones_unguiculatus:0.0221505):0.0196737):0.0168419,Mastomys_coucha:0.00827383):0.0181567):0.0186572,Dipodomys_spectabilis:0.00721937):0.00877421):0.0168419):0.0203813,Chinchilla_lanigera:0.0566461):0.0137216):0.0168419,(Cavia_porcellus:0.015368,((Ictidomys_tridecemlineatus:0.00171062,Heterocephalus_glaber:0.00502965):0.0156257,Urocitellus_parryii:0.00167262):0.00960238):0.0156257):0.0114256,Octodon_degus:0.062523):0.0104806):0.0156257,Elephas_maximus_indicus:0.0337415):0.0168419,Orycteropus_afer_afer:0.00617624):0.0116221):0.00960238,(Marmota_flaviventris:0.0322342,Marmota_marmota_marmota:0.0517007):0.0156257):0.0156257,Elephantulus_edwardii:0.00364251):0.00960238):0.0196737):0.0114256):0.0156257,Camelus_dromedarius:0.0121206):0.00394842):0.00960238):0.0156257,(Pteropus_giganteus:0.102515,Pteropus_vampyrus:0.0638776):0.00254371):0.00236713,Ovis_aries:0.114359):2.388e-06):0.0179111,(((Manis_javanica:2.568e-06,Equus_caballus:2.8363e-06):0.0156257,Manis_pentadactyla:0.00391321):0.00960238,((((Neogale_vison:0.00194252,Mustela_erminea:0.00394859):0.0156257,Enhydra_lutris_kenyoni:1.2966e-06):0.00960238,((Vulpes_vulpes:0.00723684,(((Ailuropoda_melanoleuca:0.0031501,(((Hyaena_hyaena:1.2966e-06,Ursus_arctos:0.0283984):0.0196737,((Felis_catus:0.00373546,Suricata_suricatta:0.00187054):0.0144902,((Lynx_canadensis:0.00183566,((Panthera_pardus:0.00182465,Leopardus_geoffroyi:0.00184139):0.0156257,Panthera_tigris:0.00372075):0.0168419):0.0156257,Panthera_uncia:2.8319e-06):0.00960238):0.0156257):0.0156257,Canis_lupus_dingo:0.0377915):0.0104806):0.0168419,(((Ursus_maritimus:0.0117776,Mirounga_leonina:2.8469e-06):0.0156257,Ursus_americanus:0.00316667):0.0156257,Neomonachus_schauinslandi:0.00201546):0.00960238):0.0181567,(((((Callorhinus_ursinus:1.2966e-06,Meles_meles:0.0156933):0.0156257,Phoca_vitulina:0.00368762):0.00960238,Eumetopias_jubatus:2.2817e-06):0.0168419,(Leptonychotes_weddellii:0.00188733,((Mirounga_angustirostris:1.2966e-06,Halichoerus_grypus:0.00187443):0.00960238,Odobenus_rosmarus_divergens:0.0103376):0.0105828):0.0156257):0.0144902,Zalophus_californianus:0.0173428):0.0181567):0.00167608):0.0156257,Vulpes_lagopus:2.7334e-06):0.0234559):0.0168419,(Lontra_canadensis:0.0019577,Mustela_putorius_furo:0.00197691):0.0156257):0.00877421):0.0105828):0.00542209):0.00960238,(Rousettus_aegyptiacus:0.0497522,Pteropus_alecto:0.116746):0.0156257):0.00196123):0.0156257):0.0247839,(Prionailurus_bengalensis:0.00876202,Puma_concolor:0.0125201):0.0156257);
