Taxa bit representation:
Sarcophilus_harrisii 1000000000000000000000000000000000000000000000000000000000000000000000000000000000000000000000000000000000000000000000000000000000000000000000000000000000000000000000000000000000000000
Condylura_cristata 0100000000000000000000000000000000000000000000000000000000000000000000000000000000000000000000000000000000000000000000000000000000000000000000000000000000000000000000000000000000000000
Erinaceus_europaeus 0010000000000000000000000000000000000000000000000000000000000000000000000000000000000000000000000000000000000000000000000000000000000000000000000000000000000000000000000000000000000000
Rousettus_aegyptiacus 0001000000000000000000000000000000000000000000000000000000000000000000000000000000000000000000000000000000000000000000000000000000000000000000000000000000000000000000000000000000000000
Hipposideros_armiger 0000100000000000000000000000000000000000000000000000000000000000000000000000000000000000000000000000000000000000000000000000000000000000000000000000000000000000000000000000000000000000
Sturnira_hondurensis 0000010000000000000000000000000000000000000000000000000000000000000000000000000000000000000000000000000000000000000000000000000000000000000000000000000000000000000000000000000000000000
Chrysochloris_asiatica 0000001000000000000000000000000000000000000000000000000000000000000000000000000000000000000000000000000000000000000000000000000000000000000000000000000000000000000000000000000000000000
Ovis_aries 0000000100000000000000000000000000000000000000000000000000000000000000000000000000000000000000000000000000000000000000000000000000000000000000000000000000000000000000000000000000000000
Cavia_porcellus 0000000010000000000000000000000000000000000000000000000000000000000000000000000000000000000000000000000000000000000000000000000000000000000000000000000000000000000000000000000000000000
Mastomys_coucha 0000000001000000000000000000000000000000000000000000000000000000000000000000000000000000000000000000000000000000000000000000000000000000000000000000000000000000000000000000000000000000
Chinchilla_lanigera 0000000000100000000000000000000000000000000000000000000000000000000000000000000000000000000000000000000000000000000000000000000000000000000000000000000000000000000000000000000000000000
Elephantulus_edwardii 0000000000010000000000000000000000000000000000000000000000000000000000000000000000000000000000000000000000000000000000000000000000000000000000000000000000000000000000000000000000000000
Arvicanthis_niloticus 0000000000001000000000000000000000000000000000000000000000000000000000000000000000000000000000000000000000000000000000000000000000000000000000000000000000000000000000000000000000000000
Rattus_rattus 0000000000000100000000000000000000000000000000000000000000000000000000000000000000000000000000000000000000000000000000000000000000000000000000000000000000000000000000000000000000000000
Apodemus_sylvaticus 0000000000000010000000000000000000000000000000000000000000000000000000000000000000000000000000000000000000000000000000000000000000000000000000000000000000000000000000000000000000000000
Grammomys_surdaster 0000000000000001000000000000000000000000000000000000000000000000000000000000000000000000000000000000000000000000000000000000000000000000000000000000000000000000000000000000000000000000
Perognathus_longimembris_pacificus 0000000000000000100000000000000000000000000000000000000000000000000000000000000000000000000000000000000000000000000000000000000000000000000000000000000000000000000000000000000000000000
Microtus_fortis 0000000000000000010000000000000000000000000000000000000000000000000000000000000000000000000000000000000000000000000000000000000000000000000000000000000000000000000000000000000000000000
Mus_caroli 0000000000000000001000000000000000000000000000000000000000000000000000000000000000000000000000000000000000000000000000000000000000000000000000000000000000000000000000000000000000000000
Myodes_glareolus 0000000000000000000100000000000000000000000000000000000000000000000000000000000000000000000000000000000000000000000000000000000000000000000000000000000000000000000000000000000000000000
Microtus_oregoni 0000000000000000000010000000000000000000000000000000000000000000000000000000000000000000000000000000000000000000000000000000000000000000000000000000000000000000000000000000000000000000
Acomys_russatus 0000000000000000000001000000000000000000000000000000000000000000000000000000000000000000000000000000000000000000000000000000000000000000000000000000000000000000000000000000000000000000
Microtus_ochrogaster 0000000000000000000000100000000000000000000000000000000000000000000000000000000000000000000000000000000000000000000000000000000000000000000000000000000000000000000000000000000000000000
Castor_canadensis 0000000000000000000000010000000000000000000000000000000000000000000000000000000000000000000000000000000000000000000000000000000000000000000000000000000000000000000000000000000000000000
Dipodomys_ordii 0000000000000000000000001000000000000000000000000000000000000000000000000000000000000000000000000000000000000000000000000000000000000000000000000000000000000000000000000000000000000000
Mus_musculus 0000000000000000000000000100000000000000000000000000000000000000000000000000000000000000000000000000000000000000000000000000000000000000000000000000000000000000000000000000000000000000
Meriones_unguiculatus 0000000000000000000000000010000000000000000000000000000000000000000000000000000000000000000000000000000000000000000000000000000000000000000000000000000000000000000000000000000000000000
Nannospalax_galili 0000000000000000000000000001000000000000000000000000000000000000000000000000000000000000000000000000000000000000000000000000000000000000000000000000000000000000000000000000000000000000
Rattus_norvegicus 0000000000000000000000000000100000000000000000000000000000000000000000000000000000000000000000000000000000000000000000000000000000000000000000000000000000000000000000000000000000000000
Dipodomys_spectabilis 0000000000000000000000000000010000000000000000000000000000000000000000000000000000000000000000000000000000000000000000000000000000000000000000000000000000000000000000000000000000000000
Jaculus_jaculus 0000000000000000000000000000001000000000000000000000000000000000000000000000000000000000000000000000000000000000000000000000000000000000000000000000000000000000000000000000000000000000
Mus_pahari 0000000000000000000000000000000100000000000000000000000000000000000000000000000000000000000000000000000000000000000000000000000000000000000000000000000000000000000000000000000000000000
Octodon_degus 0000000000000000000000000000000010000000000000000000000000000000000000000000000000000000000000000000000000000000000000000000000000000000000000000000000000000000000000000000000000000000
Arvicola_amphibius 0000000000000000000000000000000001000000000000000000000000000000000000000000000000000000000000000000000000000000000000000000000000000000000000000000000000000000000000000000000000000000
Orycteropus_afer_afer 0000000000000000000000000000000000100000000000000000000000000000000000000000000000000000000000000000000000000000000000000000000000000000000000000000000000000000000000000000000000000000
Fukomys_damarensis 0000000000000000000000000000000000010000000000000000000000000000000000000000000000000000000000000000000000000000000000000000000000000000000000000000000000000000000000000000000000000000
Heterocephalus_glaber 0000000000000000000000000000000000001000000000000000000000000000000000000000000000000000000000000000000000000000000000000000000000000000000000000000000000000000000000000000000000000000
Ictidomys_tridecemlineatus 0000000000000000000000000000000000000100000000000000000000000000000000000000000000000000000000000000000000000000000000000000000000000000000000000000000000000000000000000000000000000000
Elephas_maximus_indicus 0000000000000000000000000000000000000010000000000000000000000000000000000000000000000000000000000000000000000000000000000000000000000000000000000000000000000000000000000000000000000000
Marmota_monax 0000000000000000000000000000000000000001000000000000000000000000000000000000000000000000000000000000000000000000000000000000000000000000000000000000000000000000000000000000000000000000
Trichechus_manatus_latirostris 0000000000000000000000000000000000000000100000000000000000000000000000000000000000000000000000000000000000000000000000000000000000000000000000000000000000000000000000000000000000000000
Marmota_flaviventris 0000000000000000000000000000000000000000010000000000000000000000000000000000000000000000000000000000000000000000000000000000000000000000000000000000000000000000000000000000000000000000
Urocitellus_parryii 0000000000000000000000000000000000000000001000000000000000000000000000000000000000000000000000000000000000000000000000000000000000000000000000000000000000000000000000000000000000000000
Marmota_marmota_marmota 0000000000000000000000000000000000000000000100000000000000000000000000000000000000000000000000000000000000000000000000000000000000000000000000000000000000000000000000000000000000000000
Colobus_angolensis_palliatus 0000000000000000000000000000000000000000000010000000000000000000000000000000000000000000000000000000000000000000000000000000000000000000000000000000000000000000000000000000000000000000
Peromyscus_maniculatus_bairdii 0000000000000000000000000000000000000000000001000000000000000000000000000000000000000000000000000000000000000000000000000000000000000000000000000000000000000000000000000000000000000000
Chlorocebus_sabaeus 0000000000000000000000000000000000000000000000100000000000000000000000000000000000000000000000000000000000000000000000000000000000000000000000000000000000000000000000000000000000000000
Saimiri_boliviensis_boliviensis 0000000000000000000000000000000000000000000000010000000000000000000000000000000000000000000000000000000000000000000000000000000000000000000000000000000000000000000000000000000000000000
Callithrix_jacchus 0000000000000000000000000000000000000000000000001000000000000000000000000000000000000000000000000000000000000000000000000000000000000000000000000000000000000000000000000000000000000000
Tupaia_chinensis 0000000000000000000000000000000000000000000000000100000000000000000000000000000000000000000000000000000000000000000000000000000000000000000000000000000000000000000000000000000000000000
Ochotona_curzoniae 0000000000000000000000000000000000000000000000000010000000000000000000000000000000000000000000000000000000000000000000000000000000000000000000000000000000000000000000000000000000000000
Oryctolagus_cuniculus 0000000000000000000000000000000000000000000000000001000000000000000000000000000000000000000000000000000000000000000000000000000000000000000000000000000000000000000000000000000000000000
Peromyscus_californicus_insignis 0000000000000000000000000000000000000000000000000000100000000000000000000000000000000000000000000000000000000000000000000000000000000000000000000000000000000000000000000000000000000000
Ochotona_princeps 0000000000000000000000000000000000000000000000000000010000000000000000000000000000000000000000000000000000000000000000000000000000000000000000000000000000000000000000000000000000000000
Peromyscus_leucopus 0000000000000000000000000000000000000000000000000000001000000000000000000000000000000000000000000000000000000000000000000000000000000000000000000000000000000000000000000000000000000000
Galeopterus_variegatus 0000000000000000000000000000000000000000000000000000000100000000000000000000000000000000000000000000000000000000000000000000000000000000000000000000000000000000000000000000000000000000
Cebus_imitator 0000000000000000000000000000000000000000000000000000000010000000000000000000000000000000000000000000000000000000000000000000000000000000000000000000000000000000000000000000000000000000
Sapajus_apella 0000000000000000000000000000000000000000000000000000000001000000000000000000000000000000000000000000000000000000000000000000000000000000000000000000000000000000000000000000000000000000
Homo_sapiens 0000000000000000000000000000000000000000000000000000000000100000000000000000000000000000000000000000000000000000000000000000000000000000000000000000000000000000000000000000000000000000
Pongo_abelii 0000000000000000000000000000000000000000000000000000000000010000000000000000000000000000000000000000000000000000000000000000000000000000000000000000000000000000000000000000000000000000
Aotus_nancymaae 0000000000000000000000000000000000000000000000000000000000001000000000000000000000000000000000000000000000000000000000000000000000000000000000000000000000000000000000000000000000000000
Trachypithecus_francoisi 0000000000000000000000000000000000000000000000000000000000000100000000000000000000000000000000000000000000000000000000000000000000000000000000000000000000000000000000000000000000000000
Gorilla_gorilla_gorilla 0000000000000000000000000000000000000000000000000000000000000010000000000000000000000000000000000000000000000000000000000000000000000000000000000000000000000000000000000000000000000000
Nomascus_leucogenys 0000000000000000000000000000000000000000000000000000000000000001000000000000000000000000000000000000000000000000000000000000000000000000000000000000000000000000000000000000000000000000
Hylobates_moloch 0000000000000000000000000000000000000000000000000000000000000000100000000000000000000000000000000000000000000000000000000000000000000000000000000000000000000000000000000000000000000000
Pan_paniscus 0000000000000000000000000000000000000000000000000000000000000000010000000000000000000000000000000000000000000000000000000000000000000000000000000000000000000000000000000000000000000000
Pan_troglodytes 0000000000000000000000000000000000000000000000000000000000000000001000000000000000000000000000000000000000000000000000000000000000000000000000000000000000000000000000000000000000000000
Piliocolobus_tephrosceles 0000000000000000000000000000000000000000000000000000000000000000000100000000000000000000000000000000000000000000000000000000000000000000000000000000000000000000000000000000000000000000
Rhinopithecus_roxellana 0000000000000000000000000000000000000000000000000000000000000000000010000000000000000000000000000000000000000000000000000000000000000000000000000000000000000000000000000000000000000000
Phodopus_roborovskii 0000000000000000000000000000000000000000000000000000000000000000000001000000000000000000000000000000000000000000000000000000000000000000000000000000000000000000000000000000000000000000
Mesocricetus_auratus 0000000000000000000000000000000000000000000000000000000000000000000000100000000000000000000000000000000000000000000000000000000000000000000000000000000000000000000000000000000000000000
Loxodonta_africana 0000000000000000000000000000000000000000000000000000000000000000000000010000000000000000000000000000000000000000000000000000000000000000000000000000000000000000000000000000000000000000
Cricetulus_griseus 0000000000000000000000000000000000000000000000000000000000000000000000001000000000000000000000000000000000000000000000000000000000000000000000000000000000000000000000000000000000000000
Rhinopithecus_bieti 0000000000000000000000000000000000000000000000000000000000000000000000000100000000000000000000000000000000000000000000000000000000000000000000000000000000000000000000000000000000000000
Budorcas_taxicolor 0000000000000000000000000000000000000000000000000000000000000000000000000010000000000000000000000000000000000000000000000000000000000000000000000000000000000000000000000000000000000000
Onychomys_torridus 0000000000000000000000000000000000000000000000000000000000000000000000000001000000000000000000000000000000000000000000000000000000000000000000000000000000000000000000000000000000000000
Capra_hircus 0000000000000000000000000000000000000000000000000000000000000000000000000000100000000000000000000000000000000000000000000000000000000000000000000000000000000000000000000000000000000000
Camelus_dromedarius 0000000000000000000000000000000000000000000000000000000000000000000000000000010000000000000000000000000000000000000000000000000000000000000000000000000000000000000000000000000000000000
Equus_asinus 0000000000000000000000000000000000000000000000000000000000000000000000000000001000000000000000000000000000000000000000000000000000000000000000000000000000000000000000000000000000000000
Sus_scrofa 0000000000000000000000000000000000000000000000000000000000000000000000000000000100000000000000000000000000000000000000000000000000000000000000000000000000000000000000000000000000000000
Ceratotherium_simum_simum 0000000000000000000000000000000000000000000000000000000000000000000000000000000010000000000000000000000000000000000000000000000000000000000000000000000000000000000000000000000000000000
Camelus_bactrianus 0000000000000000000000000000000000000000000000000000000000000000000000000000000001000000000000000000000000000000000000000000000000000000000000000000000000000000000000000000000000000000
Vicugna_pacos 0000000000000000000000000000000000000000000000000000000000000000000000000000000000100000000000000000000000000000000000000000000000000000000000000000000000000000000000000000000000000000
Equus_quagga 0000000000000000000000000000000000000000000000000000000000000000000000000000000000010000000000000000000000000000000000000000000000000000000000000000000000000000000000000000000000000000
Globicephala_melas 0000000000000000000000000000000000000000000000000000000000000000000000000000000000001000000000000000000000000000000000000000000000000000000000000000000000000000000000000000000000000000
Neophocaena_asiaeorientalis_asiaeorientalis 0000000000000000000000000000000000000000000000000000000000000000000000000000000000000100000000000000000000000000000000000000000000000000000000000000000000000000000000000000000000000000
Orcinus_orca 0000000000000000000000000000000000000000000000000000000000000000000000000000000000000010000000000000000000000000000000000000000000000000000000000000000000000000000000000000000000000000
Phocoena_sinus 0000000000000000000000000000000000000000000000000000000000000000000000000000000000000001000000000000000000000000000000000000000000000000000000000000000000000000000000000000000000000000
Physeter_catodon 0000000000000000000000000000000000000000000000000000000000000000000000000000000000000000100000000000000000000000000000000000000000000000000000000000000000000000000000000000000000000000
Cervus_elaphus 0000000000000000000000000000000000000000000000000000000000000000000000000000000000000000010000000000000000000000000000000000000000000000000000000000000000000000000000000000000000000000
Oryx_dammah 0000000000000000000000000000000000000000000000000000000000000000000000000000000000000000001000000000000000000000000000000000000000000000000000000000000000000000000000000000000000000000
Cervus_canadensis 0000000000000000000000000000000000000000000000000000000000000000000000000000000000000000000100000000000000000000000000000000000000000000000000000000000000000000000000000000000000000000
Balaenoptera_musculus 0000000000000000000000000000000000000000000000000000000000000000000000000000000000000000000010000000000000000000000000000000000000000000000000000000000000000000000000000000000000000000
Delphinapterus_leucas 0000000000000000000000000000000000000000000000000000000000000000000000000000000000000000000001000000000000000000000000000000000000000000000000000000000000000000000000000000000000000000
Balaenoptera_acutorostrata_scammoni 0000000000000000000000000000000000000000000000000000000000000000000000000000000000000000000000100000000000000000000000000000000000000000000000000000000000000000000000000000000000000000
Tursiops_truncatus 0000000000000000000000000000000000000000000000000000000000000000000000000000000000000000000000010000000000000000000000000000000000000000000000000000000000000000000000000000000000000000
Monodon_monoceros 0000000000000000000000000000000000000000000000000000000000000000000000000000000000000000000000001000000000000000000000000000000000000000000000000000000000000000000000000000000000000000
Lagenorhynchus_obliquidens 0000000000000000000000000000000000000000000000000000000000000000000000000000000000000000000000000100000000000000000000000000000000000000000000000000000000000000000000000000000000000000
Odocoileus_virginianus_texanus 0000000000000000000000000000000000000000000000000000000000000000000000000000000000000000000000000010000000000000000000000000000000000000000000000000000000000000000000000000000000000000
Lipotes_vexillifer 0000000000000000000000000000000000000000000000000000000000000000000000000000000000000000000000000001000000000000000000000000000000000000000000000000000000000000000000000000000000000000
Vulpes_vulpes 0000000000000000000000000000000000000000000000000000000000000000000000000000000000000000000000000000100000000000000000000000000000000000000000000000000000000000000000000000000000000000
Neomonachus_schauinslandi 0000000000000000000000000000000000000000000000000000000000000000000000000000000000000000000000000000010000000000000000000000000000000000000000000000000000000000000000000000000000000000
Ursus_maritimus 0000000000000000000000000000000000000000000000000000000000000000000000000000000000000000000000000000001000000000000000000000000000000000000000000000000000000000000000000000000000000000
Mirounga_leonina 0000000000000000000000000000000000000000000000000000000000000000000000000000000000000000000000000000000100000000000000000000000000000000000000000000000000000000000000000000000000000000
Ailuropoda_melanoleuca 0000000000000000000000000000000000000000000000000000000000000000000000000000000000000000000000000000000010000000000000000000000000000000000000000000000000000000000000000000000000000000
Vulpes_lagopus 0000000000000000000000000000000000000000000000000000000000000000000000000000000000000000000000000000000001000000000000000000000000000000000000000000000000000000000000000000000000000000
Leopardus_geoffroyi 0000000000000000000000000000000000000000000000000000000000000000000000000000000000000000000000000000000000100000000000000000000000000000000000000000000000000000000000000000000000000000
Ursus_arctos 0000000000000000000000000000000000000000000000000000000000000000000000000000000000000000000000000000000000010000000000000000000000000000000000000000000000000000000000000000000000000000
Suricata_suricatta 0000000000000000000000000000000000000000000000000000000000000000000000000000000000000000000000000000000000001000000000000000000000000000000000000000000000000000000000000000000000000000
Panthera_tigris 0000000000000000000000000000000000000000000000000000000000000000000000000000000000000000000000000000000000000100000000000000000000000000000000000000000000000000000000000000000000000000
Panthera_uncia 0000000000000000000000000000000000000000000000000000000000000000000000000000000000000000000000000000000000000010000000000000000000000000000000000000000000000000000000000000000000000000
Panthera_pardus 0000000000000000000000000000000000000000000000000000000000000000000000000000000000000000000000000000000000000001000000000000000000000000000000000000000000000000000000000000000000000000
Lynx_canadensis 0000000000000000000000000000000000000000000000000000000000000000000000000000000000000000000000000000000000000000100000000000000000000000000000000000000000000000000000000000000000000000
Hyaena_hyaena 0000000000000000000000000000000000000000000000000000000000000000000000000000000000000000000000000000000000000000010000000000000000000000000000000000000000000000000000000000000000000000
Felis_catus 0000000000000000000000000000000000000000000000000000000000000000000000000000000000000000000000000000000000000000001000000000000000000000000000000000000000000000000000000000000000000000
Canis_lupus_dingo 0000000000000000000000000000000000000000000000000000000000000000000000000000000000000000000000000000000000000000000100000000000000000000000000000000000000000000000000000000000000000000
Callorhinus_ursinus 0000000000000000000000000000000000000000000000000000000000000000000000000000000000000000000000000000000000000000000010000000000000000000000000000000000000000000000000000000000000000000
Enhydra_lutris_kenyoni 0000000000000000000000000000000000000000000000000000000000000000000000000000000000000000000000000000000000000000000001000000000000000000000000000000000000000000000000000000000000000000
Mustela_erminea 0000000000000000000000000000000000000000000000000000000000000000000000000000000000000000000000000000000000000000000000100000000000000000000000000000000000000000000000000000000000000000
Neogale_vison 0000000000000000000000000000000000000000000000000000000000000000000000000000000000000000000000000000000000000000000000010000000000000000000000000000000000000000000000000000000000000000
Lontra_canadensis 0000000000000000000000000000000000000000000000000000000000000000000000000000000000000000000000000000000000000000000000001000000000000000000000000000000000000000000000000000000000000000
Equus_przewalskii 0000000000000000000000000000000000000000000000000000000000000000000000000000000000000000000000000000000000000000000000000100000000000000000000000000000000000000000000000000000000000000
Manis_pentadactyla 0000000000000000000000000000000000000000000000000000000000000000000000000000000000000000000000000000000000000000000000000010000000000000000000000000000000000000000000000000000000000000
Manis_javanica 0000000000000000000000000000000000000000000000000000000000000000000000000000000000000000000000000000000000000000000000000001000000000000000000000000000000000000000000000000000000000000
Mustela_putorius_furo 0000000000000000000000000000000000000000000000000000000000000000000000000000000000000000000000000000000000000000000000000000100000000000000000000000000000000000000000000000000000000000
Meles_meles 0000000000000000000000000000000000000000000000000000000000000000000000000000000000000000000000000000000000000000000000000000010000000000000000000000000000000000000000000000000000000000
Equus_caballus 0000000000000000000000000000000000000000000000000000000000000000000000000000000000000000000000000000000000000000000000000000001000000000000000000000000000000000000000000000000000000000
Halichoerus_grypus 0000000000000000000000000000000000000000000000000000000000000000000000000000000000000000000000000000000000000000000000000000000100000000000000000000000000000000000000000000000000000000
Eumetopias_jubatus 0000000000000000000000000000000000000000000000000000000000000000000000000000000000000000000000000000000000000000000000000000000010000000000000000000000000000000000000000000000000000000
Leptonychotes_weddellii 0000000000000000000000000000000000000000000000000000000000000000000000000000000000000000000000000000000000000000000000000000000001000000000000000000000000000000000000000000000000000000
Odobenus_rosmarus_divergens 0000000000000000000000000000000000000000000000000000000000000000000000000000000000000000000000000000000000000000000000000000000000100000000000000000000000000000000000000000000000000000
Phoca_vitulina 0000000000000000000000000000000000000000000000000000000000000000000000000000000000000000000000000000000000000000000000000000000000010000000000000000000000000000000000000000000000000000
Mirounga_angustirostris 0000000000000000000000000000000000000000000000000000000000000000000000000000000000000000000000000000000000000000000000000000000000001000000000000000000000000000000000000000000000000000
Ursus_americanus 0000000000000000000000000000000000000000000000000000000000000000000000000000000000000000000000000000000000000000000000000000000000000100000000000000000000000000000000000000000000000000
Camelus_ferus 0000000000000000000000000000000000000000000000000000000000000000000000000000000000000000000000000000000000000000000000000000000000000010000000000000000000000000000000000000000000000000
Zalophus_californianus 0000000000000000000000000000000000000000000000000000000000000000000000000000000000000000000000000000000000000000000000000000000000000001000000000000000000000000000000000000000000000000
Rhinolophus_ferrumequinum 0000000000000000000000000000000000000000000000000000000000000000000000000000000000000000000000000000000000000000000000000000000000000000100000000000000000000000000000000000000000000000
Bos_indicus 0000000000000000000000000000000000000000000000000000000000000000000000000000000000000000000000000000000000000000000000000000000000000000010000000000000000000000000000000000000000000000
Echinops_telfairi 0000000000000000000000000000000000000000000000000000000000000000000000000000000000000000000000000000000000000000000000000000000000000000001000000000000000000000000000000000000000000000
Bos_taurus 0000000000000000000000000000000000000000000000000000000000000000000000000000000000000000000000000000000000000000000000000000000000000000000100000000000000000000000000000000000000000000
Choloepus_didactylus 0000000000000000000000000000000000000000000000000000000000000000000000000000000000000000000000000000000000000000000000000000000000000000000010000000000000000000000000000000000000000000
Bos_mutus 0000000000000000000000000000000000000000000000000000000000000000000000000000000000000000000000000000000000000000000000000000000000000000000001000000000000000000000000000000000000000000
Dasypus_novemcinctus 0000000000000000000000000000000000000000000000000000000000000000000000000000000000000000000000000000000000000000000000000000000000000000000000100000000000000000000000000000000000000000
Bubalus_bubalis 0000000000000000000000000000000000000000000000000000000000000000000000000000000000000000000000000000000000000000000000000000000000000000000000010000000000000000000000000000000000000000
Artibeus_jamaicensis 0000000000000000000000000000000000000000000000000000000000000000000000000000000000000000000000000000000000000000000000000000000000000000000000001000000000000000000000000000000000000000
Pteropus_alecto 0000000000000000000000000000000000000000000000000000000000000000000000000000000000000000000000000000000000000000000000000000000000000000000000000100000000000000000000000000000000000000
Cercocebus_atys 0000000000000000000000000000000000000000000000000000000000000000000000000000000000000000000000000000000000000000000000000000000000000000000000000010000000000000000000000000000000000000
Phyllostomus_discolor 0000000000000000000000000000000000000000000000000000000000000000000000000000000000000000000000000000000000000000000000000000000000000000000000000001000000000000000000000000000000000000
Otolemur_garnettii 0000000000000000000000000000000000000000000000000000000000000000000000000000000000000000000000000000000000000000000000000000000000000000000000000000100000000000000000000000000000000000
Carlito_syrichta 0000000000000000000000000000000000000000000000000000000000000000000000000000000000000000000000000000000000000000000000000000000000000000000000000000010000000000000000000000000000000000
Eptesicus_fuscus 0000000000000000000000000000000000000000000000000000000000000000000000000000000000000000000000000000000000000000000000000000000000000000000000000000001000000000000000000000000000000000
Pipistrellus_kuhlii 0000000000000000000000000000000000000000000000000000000000000000000000000000000000000000000000000000000000000000000000000000000000000000000000000000000100000000000000000000000000000000
Myotis_davidii 0000000000000000000000000000000000000000000000000000000000000000000000000000000000000000000000000000000000000000000000000000000000000000000000000000000010000000000000000000000000000000
Molossus_molossus 0000000000000000000000000000000000000000000000000000000000000000000000000000000000000000000000000000000000000000000000000000000000000000000000000000000001000000000000000000000000000000
Myotis_lucifugus 0000000000000000000000000000000000000000000000000000000000000000000000000000000000000000000000000000000000000000000000000000000000000000000000000000000000100000000000000000000000000000
Propithecus_coquereli 0000000000000000000000000000000000000000000000000000000000000000000000000000000000000000000000000000000000000000000000000000000000000000000000000000000000010000000000000000000000000000
Miniopterus_natalensis 0000000000000000000000000000000000000000000000000000000000000000000000000000000000000000000000000000000000000000000000000000000000000000000000000000000000001000000000000000000000000000
Lemur_catta 0000000000000000000000000000000000000000000000000000000000000000000000000000000000000000000000000000000000000000000000000000000000000000000000000000000000000100000000000000000000000000
Myotis_brandtii 0000000000000000000000000000000000000000000000000000000000000000000000000000000000000000000000000000000000000000000000000000000000000000000000000000000000000010000000000000000000000000
Myotis_myotis 0000000000000000000000000000000000000000000000000000000000000000000000000000000000000000000000000000000000000000000000000000000000000000000000000000000000000001000000000000000000000000
Mandrillus_leucophaeus 0000000000000000000000000000000000000000000000000000000000000000000000000000000000000000000000000000000000000000000000000000000000000000000000000000000000000000100000000000000000000000
Macaca_nemestrina 0000000000000000000000000000000000000000000000000000000000000000000000000000000000000000000000000000000000000000000000000000000000000000000000000000000000000000010000000000000000000000
Macaca_mulatta 0000000000000000000000000000000000000000000000000000000000000000000000000000000000000000000000000000000000000000000000000000000000000000000000000000000000000000001000000000000000000000
Papio_anubis 0000000000000000000000000000000000000000000000000000000000000000000000000000000000000000000000000000000000000000000000000000000000000000000000000000000000000000000100000000000000000000
Theropithecus_gelada 0000000000000000000000000000000000000000000000000000000000000000000000000000000000000000000000000000000000000000000000000000000000000000000000000000000000000000000010000000000000000000
Macaca_thibetana_thibetana 0000000000000000000000000000000000000000000000000000000000000000000000000000000000000000000000000000000000000000000000000000000000000000000000000000000000000000000001000000000000000000
Desmodus_rotundus 0000000000000000000000000000000000000000000000000000000000000000000000000000000000000000000000000000000000000000000000000000000000000000000000000000000000000000000000100000000000000000
Macaca_fascicularis 0000000000000000000000000000000000000000000000000000000000000000000000000000000000000000000000000000000000000000000000000000000000000000000000000000000000000000000000010000000000000000
Phyllostomus_hastatus 0000000000000000000000000000000000000000000000000000000000000000000000000000000000000000000000000000000000000000000000000000000000000000000000000000000000000000000000001000000000000000
Microcebus_murinus 0000000000000000000000000000000000000000000000000000000000000000000000000000000000000000000000000000000000000000000000000000000000000000000000000000000000000000000000000100000000000000
Pteropus_giganteus 0000000000000000000000000000000000000000000000000000000000000000000000000000000000000000000000000000000000000000000000000000000000000000000000000000000000000000000000000010000000000000
Pteropus_vampyrus 0000000000000000000000000000000000000000000000000000000000000000000000000000000000000000000000000000000000000000000000000000000000000000000000000000000000000000000000000001000000000000
Sorex_araneus 0000000000000000000000000000000000000000000000000000000000000000000000000000000000000000000000000000000000000000000000000000000000000000000000000000000000000000000000000000100000000000
Talpa_occidentalis 0000000000000000000000000000000000000000000000000000000000000000000000000000000000000000000000000000000000000000000000000000000000000000000000000000000000000000000000000000010000000000
Gracilinanus_agilis 0000000000000000000000000000000000000000000000000000000000000000000000000000000000000000000000000000000000000000000000000000000000000000000000000000000000000000000000000000001000000000
Phascolarctos_cinereus 0000000000000000000000000000000000000000000000000000000000000000000000000000000000000000000000000000000000000000000000000000000000000000000000000000000000000000000000000000000100000000
Monodelphis_domestica 0000000000000000000000000000000000000000000000000000000000000000000000000000000000000000000000000000000000000000000000000000000000000000000000000000000000000000000000000000000010000000
Suncus_etruscus 0000000000000000000000000000000000000000000000000000000000000000000000000000000000000000000000000000000000000000000000000000000000000000000000000000000000000000000000000000000001000000
Trichosurus_vulpecula 0000000000000000000000000000000000000000000000000000000000000000000000000000000000000000000000000000000000000000000000000000000000000000000000000000000000000000000000000000000000100000
Vombatus_ursinus 0000000000000000000000000000000000000000000000000000000000000000000000000000000000000000000000000000000000000000000000000000000000000000000000000000000000000000000000000000000000010000
Dromiciops_gliroides 0000000000000000000000000000000000000000000000000000000000000000000000000000000000000000000000000000000000000000000000000000000000000000000000000000000000000000000000000000000000001000
Antechinus_flavipes 0000000000000000000000000000000000000000000000000000000000000000000000000000000000000000000000000000000000000000000000000000000000000000000000000000000000000000000000000000000000000100
Prionailurus_bengalensis 0000000000000000000000000000000000000000000000000000000000000000000000000000000000000000000000000000000000000000000000000000000000000000000000000000000000000000000000000000000000000010
Puma_concolor 0000000000000000000000000000000000000000000000000000000000000000000000000000000000000000000000000000000000000000000000000000000000000000000000000000000000000000000000000000000000000001
Clade List (<taxon members> = <clade name>): 

>Dataset_0__partition_1
[0,I,0.0205631,1111111111111111111111111111111111111111111111111111111111111111111111111111111111111111111111111111111111111111111111111111111111111111111111111111111111111111111111111111111111111100,2,124:125]
[1,I,0.077998,0111111111111111111111111111111111111111111111111111111111111111111111111111111111111111111111111111111111111111111111111111111111111111111111111111111111111111111111111111111110000000,1,187]
[2,I,0.143942,0111111111111111111111111111111111111111111111111111111111111111111111111111111111111111111111111111111111111111111111111111111111111111111111111111111111111111111111111111111110000000,1,453]
[3,I,0.268029,0011111111111111111111111111111111111111111111111111111111111111111111111111111111111111111111111111111111111111111111111111111111111111111111111111111111111111111111111111110000000000,2,239:240]
[4,I,0.340355,0000111111111111111111111111111111111111111111111111111111111111111111111111111111111111111111111111111111111111111111111111111111111111111111111111111111111111111111111111000000000000,2,198:199]
[5,I,0.653765,0000000000000100000000000000000000000000000000000000000000000000000000000000000000000000000000000000000000000000000000000000000000000000000000000000000000000000000000000000000000000000,2,63:64]
[6,I,0.670074,0000000000000100000000000000000000000000000000000000000000000000000000000000000000000000000000000000000000000000000000000000000000000000000000000000000000000000000000000000000000000000,3,479:480:481]
[7,I,0.599166,0000000000000000111111111111111100000000000000000000000000000000000000000000000000000000000000000000000000000000000000000000000000000000000000000000000000000000000000000000000000000000,2,434:435]
[8,I,0.633202,0000000000000000000000000110000000000000000000000000000000000000000000000000000000000000000000000000000000000000000000000000000000000000000000000000000000000000000000000000000000000000,2,246:247]
[9,I,0.664401,0000000000000000000000000001000000000000000000000000000000000000000000000000000000000000000000000000000000000000000000000000000000000000000000000000000000000000000000000000000000000000,6,459:460:461:462:463:464]
[10,I,0.668655,0000000000000000000000000001000000000000000000000000000000000000000000000000000000000000000000000000000000000000000000000000000000000000000000000000000000000000000000000000000000000000,4,395:396:397:398]
[11,I,0.61122,0000000000000000000000000000000010000000000000000000000000000000000000000000000000000000000000000000000000000000000000000000000000000000000000000000000000000000000000000000000000000000,1,154]
[12,I,0.565131,0000000000000000000000000000000001000000000000000000000000000000000000000000000000000000000000000000000000000000000000000000000000000000000000000000000000000000000000000000000000000000,1,223]
[13,I,0.582858,0000000000000000000000000000000001000000000000000000000000000000000000000000000000000000000000000000000000000000000000000000000000000000000000000000000000000000000000000000000000000000,5,287:288:289:290:291]
[14,I,0.616184,0000000000000000000000000000000000000001000000000000000000000000000000000000000000000000000000000000000000000000000000000000000000000000000000000000000000000000000000000000000000000000,1,11]
[15,I,0.566549,0000000000000000000000000000000000000000010000000000000000000000000000000000000000000000000000000000000000000000000000000000000000000000000000000000000000000000000000000000000000000000,3,139:140:141]
[16,I,0.566549,0000000000000000000000000000000000000000010000000000000000000000000000000000000000000000000000000000000000000000000000000000000000000000000000000000000000000000000000000000000000000000,1,376]
[17,I,0.552367,0000000000000000000000000000000000000000000000011111111111111111111000000000000000000000000000000000000000000000000000000000000000000000000000000000000000000000000000000000000000000000,4,283:284:285:286]
[18,I,0.524714,0000000000000000000000000000000000000000000000000000000000000000000001000000000000000000000000000000000000000000000000000000000000000000000000000000000000000000000000000000000000000000,1,84]
[19,I,0.516205,0000000000000000000000000000000000000000000000000000000000000000000000100000000000000000000000000000000000000000000000000000000000000000000000000000000000000000000000000000000000000000,1,227]
[20,I,0.525423,0000000000000000000000000000000000000000000000000000000000000000000000100000000000000000000000000000000000000000000000000000000000000000000000000000000000000000000000000000000000000000,1,257]
[21,I,0.453097,0000000000000000000000000000000000000000000000000000000000000000000000000001000000000000000000000000000000000000000000000000000000000000000000000000000000000000000000000000000000000000,3,358:359:360]
[22,I,0.455934,0000000000000000000000000000000000000000000000000000000000000000000000000001000000000000000000000000000000000000000000000000000000000000000000000000000000000000000000000000000000000000,5,426:427:428:429:430]
[23,I,0.438916,0000000000000000000000000000000000000000000000000000000000000000000000000000011111111111111111111111000000000000000000000000000000000000000000000000000000000000000000000000000000000000,1,313]
[24,I,0.486424,0000000000000000000000000000000000000000000000000000000000000000000000000000001110000000000000000000000000000000000000000000000000000000000000000000000000000000000000000000000000000000,1,352]
[25,I,0.468697,0000000000000000000000000000000000000000000000000000000000000000000000000000000000001111111111111110000000000000000000000000000000000000000000000000000000000000000000000000000000000000,2,136:137]
[26,I,0.526132,0000000000000000000000000000000000000000000000000000000000000000000000000000000000000100000000000000000000000000000000000000000000000000000000000000000000000000000000000000000000000000,1,317]
[27,I,0.533932,0000000000000000000000000000000000000000000000000000000000000000000000000000000000000010000000000000000000000000000000000000000000000000000000000000000000000000000000000000000000000000,3,368:369:370]
[28,I,0.546695,0000000000000000000000000000000000000000000000000000000000000000000000000000000000000010000000000000000000000000000000000000000000000000000000000000000000000000000000000000000000000000,1,138]
[29,I,0.54315,0000000000000000000000000000000000000000000000000000000000000000000000000000000000000000001000000000000000000000000000000000000000000000000000000000000000000000000000000000000000000000,1,321]
[30,I,0.521168,0000000000000000000000000000000000000000000000000000000000000000000000000000000000000000000011111100000000000000000000000000000000000000000000000000000000000000000000000000000000000000,2,58:59]
[31,I,0.525423,0000000000000000000000000000000000000000000000000000000000000000000000000000000000000000000011111100000000000000000000000000000000000000000000000000000000000000000000000000000000000000,6,229:230:231:232:233:234]
[32,I,0.566549,0000000000000000000000000000000000000000000000000000000000000000000000000000000000000000000001000000000000000000000000000000000000000000000000000000000000000000000000000000000000000000,2,114:115]
[33,I,0.576476,0000000000000000000000000000000000000000000000000000000000000000000000000000000000000000000000010000000000000000000000000000000000000000000000000000000000000000000000000000000000000000,1,245]
[34,I,0.581439,0000000000000000000000000000000000000000000000000000000000000000000000000000000000000000000000010000000000000000000000000000000000000000000000000000000000000000000000000000000000000000,2,382:383]
[35,I,0.572222,0000000000000000000000000000000000000000000000000000000000000000000000000000000000000000000000001000000000000000000000000000000000000000000000000000000000000000000000000000000000000000,1,175]
[36,I,0.592076,0000000000000000000000000000000000000000000000000000000000000000000000000000000000000000000000001000000000000000000000000000000000000000000000000000000000000000000000000000000000000000,2,346:347]
[37,I,0.441043,0000000000000000000000000000000000000000000000000000000000000000000000000000000000000000000000000000111111111111111111111111111111111100000000000000000000000000000000000000000000000000,1,423]
[38,I,0.514787,0000000000000000000000000000000000000000000000000000000000000000000000000000000000000000000000000000000000110000000000000000000000000000000000000000000000000000000000000000000000000000,4,67:68:69:70]
[39,I,0.459479,0000000000000000000000000000000000000000000000000000000000000000000000000000000000000000000000000000000000000000000011111111111111111000000000000000000000000000000000000000000000000000,1,32]
[40,D,0.555913,0000000000000000000000000000000000000000000000000000000000000000000000000000000000000000000000000000000000000000000001111111000000000000000000000000000000000000000000000000000000000000,1,339]
[41,I,0.565131,0000000000000000000000000000000000000000000000000000000000000000000000000000000000000000000000000000000000000000000000000111000000000000000000000000000000000000000000000000000000000000,2,24:25]
[42,I,0.589239,0000000000000000000000000000000000000000000000000000000000000000000000000000000000000000000000000000000000000000000000000010000000000000000000000000000000000000000000000000000000000000,1,42]
[43,I,0.456643,0000000000000000000000000000000000000000000000000000000000000000000000000000000000000000000000000000000000000000000000000000000000000000010000000000000000000000000000000000000000000000,1,29]
[44,I,0.48926,0000000000000000000000000000000000000000000000000000000000000000000000000000000000000000000000000000000000000000000000000000000000000000000010000000000000000000000000000000000000000000,3,355:356:357]
[45,I,0.506278,0000000000000000000000000000000000000000000000000000000000000000000000000000000000000000000000000000000000000000000000000000000000000000000010000000000000000000000000000000000000000000,2,79:80]
[46,I,0.438916,0000000000000000000000000000000000000000000000000000000000000000000000000000000000000000000000000000000000000000000000000000000000000000000000100000000000000000000000000000000000000000,1,402]
[47,I,0.455934,0000000000000000000000000000000000000000000000000000000000000000000000000000000000000000000000000000000000000000000000000000000000000000000000010000000000000000000000000000000000000000,3,364:365:366]
[48,I,0.363754,0000000000000000000000000000000000000000000000000000000000000000000000000000000000000000000000000000000000000000000000000000000000000000000000000100000000000000000000000000000000000000,5,89:90:91:92:93]
[49,I,0.382899,0000000000000000000000000000000000000000000000000000000000000000000000000000000000000000000000000000000000000000000000000000000000000000000000000100000000000000000000000000000000000000,1,74]
[50,I,0.45877,0000000000000000000000000000000000000000000000000000000000000000000000000000000000000000000000000000000000000000000000000000000000000000000000000100000000000000000000000000000000000000,1,305]
[51,I,0.514787,0000000000000000000000000000000000000000000000000000000000000000000000000000000000000000000000000000000000000000000000000000000000000000000000000000000000000100000000000000000000000000,1,221]
[52,I,0.495642,0000000000000000000000000000000000000000000000000000000000000000000000000000000000000000000000000000000000000000000000000000000000000000000000000000000000000000010000000000000000000000,1,449]
[53,I,0.276538,0000000000000000000000000000000000000000000000000000000000000000000000000000000000000000000000000000000000000000000000000000000000000000000000000000000000000000000000000000001000000000,1,205]
[54,I,0.256684,0000000000000000000000000000000000000000000000000000000000000000000000000000000000000000000000000000000000000000000000000000000000000000000000000000000000000000000000000000000010000000,1,467]
[55,I,0.0836706,0000000000000000000000000000000000000000000000000000000000000000000000000000000000000000000000000000000000000000000000000000000000000000000000000000000000000000000000000000000001000000,1,331]
[56,I,0.0865068,0000000000000000000000000000000000000000000000000000000000000000000000000000000000000000000000000000000000000000000000000000000000000000000000000000000000000000000000000000000001000000,4,273:274:275:276]
[57,I,0.068071,0000000000000000000000000000000000000000000000000000000000000000000000000000000000000000000000000000000000000000000000000000000000000000000000000000000000000000000000000000000000111000,1,379]
[58,I,0.0957248,0000000000000000000000000000000000000000000000000000000000000000000000000000000000000000000000000000000000000000000000000000000000000000000000000000000000000000000000000000000000010000,1,478]

GUIDE_TREE_PARTITION1=(((Sarcophilus_harrisii:0.0061088,((((Condylura_cristata:0.0177651,(((Erinaceus_europaeus:0.00288566,(Rousettus_aegyptiacus:0.0497522,((((Hipposideros_armiger:0.0,(Sturnira_hondurensis:1.2966e-06,((((Chrysochloris_asiatica:0.0427856,((Ovis_aries:0.114359,((((((((Cavia_porcellus:0.015368,(((Mastomys_coucha:0.00827383,(Chinchilla_lanigera:0.0566461,Elephantulus_edwardii:0.00364251):0.0114256):0.0137216,((((((Arvicanthis_niloticus:2.8668e-06,Rattus_rattus:0.0611281):0.0156257,Apodemus_sylvaticus:0.00388734):0.00960238,Grammomys_surdaster:0.0118115):0.0105828,(((((Perognathus_longimembris_pacificus:0.006268,((Microtus_fortis:0.00879291,Mus_caroli:0.0137644):0.0168419,(((Myodes_glareolus:0.00878944,Microtus_oregoni:0.0164968):0.0156257,Acomys_russatus:0.00786306):0.0156257,Microtus_ochrogaster:0.00359947):0.00960238):0.00960238):0.00960238,(Castor_canadensis:0.00994547,Dipodomys_ordii:0.00566544):0.0156257):0.0196737,(Mus_musculus:0.00952943,Meriones_unguiculatus:0.0221505):0.0156257):0.0186572,(((Nannospalax_galili:0.0210878,Rattus_norvegicus:0.0311405):0.0156257,Dipodomys_spectabilis:0.00721937):0.00960238,Jaculus_jaculus:0.0282882):0.0105828):0.00877421,Mus_pahari:0.0374757):0.0181567):0.0168419,Octodon_degus:0.062523):0.0106338,Arvicola_amphibius:0.0525727):0.0203813):0.0156257,Orycteropus_afer_afer:0.00617624):0.0116221):0.00960238,(Fukomys_damarensis:2.6891e-06,Heterocephalus_glaber:0.00502965):0.0156257):0.0104806,(((Ictidomys_tridecemlineatus:0.00171062,(((Elephas_maximus_indicus:0.0337415,Marmota_monax:0.0840383):0.0156257,Trichechus_manatus_latirostris:0.0398696):0.0156257,Marmota_flaviventris:0.0322342):0.00960238):0.0156257,Urocitellus_parryii:0.00167262):0.0168419,Marmota_marmota_marmota:0.0517007):0.0168419):0.00960238,((Colobus_angolensis_palliatus:1.2966e-06,(((Peromyscus_maniculatus_bairdii:2.3398e-06,Chlorocebus_sabaeus:2.4028e-06):0.0106338,((((Saimiri_boliviensis_boliviensis:0.00176906,Callithrix_jacchus:0.00177696):0.0181567,Tupaia_chinensis:0.00906179):0.00997442,((((Ochotona_curzoniae:2.7651e-06,(Oryctolagus_cuniculus:1.2966e-06,Peromyscus_californicus_insignis:0.00413749):0.00960238):0.0156257,Ochotona_princeps:0.00176286):0.0156257,Peromyscus_leucopus:0.00242252):0.0105828,Galeopterus_variegatus:0.00176832):0.00960238):0.00657853,((Cebus_imitator:1.2966e-06,Sapajus_apella:0.00357205):0.0104806,((Homo_sapiens:0.0,((Pongo_abelii:1.2966e-06,Aotus_nancymaae:0.0):0.0168419,((Trachypithecus_francoisi:0.00178525,(Gorilla_gorilla_gorilla:1.2966e-06,Nomascus_leucogenys:0.00538611):0.0156257):0.0156257,Hylobates_moloch:1.2966e-06):0.00960238):0.0105828):0.00960238,(Pan_paniscus:0.0,Pan_troglodytes:0.0):0.0156257):0.0168419):0.0156257):0.0186572):0.0156257,Piliocolobus_tephrosceles:0.00356689):0.0105828):0.0156257,Rhinopithecus_roxellana:0.00366855):0.0168419):0.00211294,(((Phodopus_roborovskii:0.0293025,Mesocricetus_auratus:0.0202202):0.0156257,Loxodonta_africana:0.0103046):0.00960238,Cricetulus_griseus:0.0171611):0.00313382):0.0200736,Rhinopithecus_bieti:0.0189422):0.00782649,Budorcas_taxicolor:0.0605953):0.00534101,Onychomys_torridus:0.038692):0.00960238):0.0156257,Capra_hircus:0.0648993):0.00538252):0.0196737,((((Camelus_dromedarius:0.0121206,((((((Equus_asinus:1.2966e-06,Sus_scrofa:0.00169642):0.0156257,Ceratotherium_simum_simum:1.2966e-06):0.0156257,Camelus_bactrianus:0.0136149):0.0105828,Vicugna_pacos:1.2966e-06):0.0168419,Equus_quagga:0.020151):0.00183178,((Globicephala_melas:0.00166974,((((Neophocaena_asiaeorientalis_asiaeorientalis:0.00353755,Orcinus_orca:0.0256794):0.0156257,Phocoena_sinus:0.00866085):0.0105828,Physeter_catodon:2.8381e-06):0.00997442,((((Cervus_elaphus:0.00167977,Oryx_dammah:2.4469e-06):0.0156257,Cervus_canadensis:0.00167565):0.00960238,(((Balaenoptera_musculus:0.0106526,Delphinapterus_leucas:0.026499):0.0156257,Balaenoptera_acutorostrata_scammoni:0.0103189):0.0144902,((Tursiops_truncatus:0.0133637,Monodon_monoceros:0.0223185):0.0156257,Lagenorhynchus_obliquidens:0.00347064):0.0196737):0.0186572):0.0105828,Odocoileus_virginianus_texanus:1.2966e-06):0.0168419):0.00960238):0.0156257,Lipotes_vexillifer:0.0017005):0.0105828):0.012227):0.0156257,((((Vulpes_vulpes:0.00723684,(((Neomonachus_schauinslandi:0.00201546,Ursus_maritimus:0.0117776):0.0156257,Mirounga_leonina:2.8469e-06):0.00960238,Ailuropoda_melanoleuca:0.0031501):0.0156257):0.0181567,(Vulpes_lagopus:2.7334e-06,(((Leopardus_geoffroyi:0.00184139,Ursus_arctos:0.0283984):0.0196737,(((Suricata_suricatta:0.00187054,(((Panthera_tigris:0.00372075,Panthera_uncia:2.8319e-06):0.0156257,Panthera_pardus:0.00182465):0.0156257,Lynx_canadensis:0.00183566):0.00960238):0.0156257,Hyaena_hyaena:1.2966e-06):0.0168419,Felis_catus:0.00373546):0.0144902):0.0156257,Canis_lupus_dingo:0.0377915):0.0104806):0.0156257):0.0168419,((((Callorhinus_ursinus:1.2966e-06,(((((((Enhydra_lutris_kenyoni:1.2966e-06,Mustela_erminea:0.00394859):0.0156257,Neogale_vison:0.00194252):0.0156257,Lontra_canadensis:0.0019577):0.00960238,((Equus_przewalskii:2.4393e-06,Manis_pentadactyla:0.00391321):0.0156257,Manis_javanica:2.568e-06):0.00960238):0.0168419,Mustela_putorius_furo:0.00197691):0.0105828,Meles_meles:0.0156933):0.00877421,Equus_caballus:2.8363e-06):0.00960238):0.0156257,Halichoerus_grypus:0.00187443):0.0181567,Eumetopias_jubatus:2.2817e-06):0.0168419,(((Leptonychotes_weddellii:0.00188733,Odobenus_rosmarus_divergens:0.0103376):0.0156257,Phoca_vitulina:0.00368762):0.00960238,Mirounga_angustirostris:1.2966e-06):0.0105828):0.0144902):0.00167608,Ursus_americanus:0.00316667):0.0234559):0.0114256,Camelus_ferus:0.0261037):0.0179111,Zalophus_californianus:0.0173428):0.00236713):0.00394842,Rhinolophus_ferrumequinum:0.00862792):2.388e-06,(((Bos_indicus:0.0417195,Echinops_telfairi:0.0466533):0.0168419,(((Bos_taurus:0.002463,Choloepus_didactylus:0.0656231):0.0156257,Bos_mutus:0.00137582):0.0156257,Dasypus_novemcinctus:0.0974605):0.00960238):0.0156257,Bubalus_bubalis:0.0561227):0.0186572):0.0111993):0.00960238):0.0156257,Artibeus_jamaicensis:0.0):0.00782649,Pteropus_alecto:0.116746):0.00196123,(((Cercocebus_atys:0.00408623,Phyllostomus_discolor:0.00783559):0.0137216,(((Otolemur_garnettii:1.2966e-06,Carlito_syrichta:0.00422681):0.0156257,((((((((Eptesicus_fuscus:0.00197487,Pipistrellus_kuhlii:1.2966e-06):0.0156257,Myotis_davidii:2.9495e-06):0.00960238,(((Molossus_molossus:2.6709e-06,Myotis_lucifugus:0.00840255):0.0105828,((Propithecus_coquereli:2.2729e-06,Miniopterus_natalensis:0.00200107):0.0156257,Lemur_catta:0.00200968):0.0156257):0.0196737,Myotis_brandtii:0.00384808):0.00877421):0.0105828,Myotis_myotis:0.00393346):0.0156257,((((Mandrillus_leucophaeus:1.2966e-06,Macaca_nemestrina:0.00977557):0.00960238,Macaca_mulatta:1.2966e-06):0.0105828,(Papio_anubis:0.00383177,Theropithecus_gelada:1.2966e-06):0.0156257):0.0156257,Macaca_thibetana_thibetana:1.2966e-06):0.00960238):0.0128874,Desmodus_rotundus:0.00615571):0.0186572,Macaca_fascicularis:0.00575643):0.0181567,Phyllostomus_hastatus:0.00434897):0.0128874):0.00960238,Microcebus_murinus:0.00377399):0.0105828):0.0105828,(Pteropus_giganteus:0.102515,Pteropus_vampyrus:0.0638776):0.00254371):0.00542209):0.00960238):0.0156257):0.0156257,Sorex_araneus:0.00933119):0.0042239,Talpa_occidentalis:0.0683024):0.0446008):0.0156257,((Gracilinanus_agilis:0.0127697,Phascolarctos_cinereus:0.0116844):0.0156257,Monodelphis_domestica:0.026304):0.0105828):0.163801,Suncus_etruscus:0.0221908):0.0144902,((Trichosurus_vulpecula:0.0107478,Vombatus_ursinus:0.0446947):0.0156257,Dromiciops_gliroides:0.0100232):0.00960238):0.0196737):0.0156257,Antechinus_flavipes:0.0534863):0.0247839,(Prionailurus_bengalensis:0.00876202,Puma_concolor:0.0125201):0.0156257);
